Spark Command: /usr/lib/jvm/java-1.8.0-openjdk//bin/java -cp /opt/spark/spark-master/conf/:/opt/spark/spark-master/assembly/target/scala-2.11/jars/* -Xmx1g org.apache.spark.deploy.worker.Worker --webui-port 8081 spark://sith7-hadoop:7077
========================================
Using Spark's default log4j profile: org/apache/spark/log4j-defaults.properties
19/06/12 16:41:36 INFO Worker: Started daemon with process name: 3957598@sith0.cluster.ics.forth.gr
19/06/12 16:41:36 INFO SignalUtils: Registered signal handler for TERM
19/06/12 16:41:36 INFO SignalUtils: Registered signal handler for HUP
19/06/12 16:41:36 INFO SignalUtils: Registered signal handler for INT
19/06/12 16:41:36 WARN NativeCodeLoader: Unable to load native-hadoop library for your platform... using builtin-java classes where applicable
19/06/12 16:41:36 INFO SecurityManager: Changing view acls to: kolokasis
19/06/12 16:41:36 INFO SecurityManager: Changing modify acls to: kolokasis
19/06/12 16:41:36 INFO SecurityManager: Changing view acls groups to: 
19/06/12 16:41:36 INFO SecurityManager: Changing modify acls groups to: 
19/06/12 16:41:36 INFO SecurityManager: SecurityManager: authentication disabled; ui acls disabled; users  with view permissions: Set(kolokasis); groups with view permissions: Set(); users  with modify permissions: Set(kolokasis); groups with modify permissions: Set()
19/06/12 16:41:36 INFO Utils: Successfully started service 'sparkWorker' on port 34840.
19/06/12 16:41:37 INFO Worker: Starting Spark worker 192.168.2.100:34840 with 32 cores, 252.0 GB RAM
19/06/12 16:41:37 INFO Worker: Running Spark version 2.2.0-SNAPSHOT
19/06/12 16:41:37 INFO Worker: Spark home: /opt/spark/spark-master
19/06/12 16:41:37 INFO log: Logging initialized @1316ms
19/06/12 16:41:37 INFO Server: jetty-9.2.16.v20160414
19/06/12 16:41:37 INFO Server: Started @1371ms
19/06/12 16:41:37 INFO ServerConnector: Started ServerConnector@584a91ce{HTTP/1.1}{0.0.0.0:8081}
19/06/12 16:41:37 INFO Utils: Successfully started service 'WorkerUI' on port 8081.
19/06/12 16:41:37 INFO ContextHandler: Started o.e.j.s.ServletContextHandler@55a19741{/logPage,null,AVAILABLE,@Spark}
19/06/12 16:41:37 INFO ContextHandler: Started o.e.j.s.ServletContextHandler@16ec6420{/logPage/json,null,AVAILABLE,@Spark}
19/06/12 16:41:37 INFO ContextHandler: Started o.e.j.s.ServletContextHandler@15d0e603{/,null,AVAILABLE,@Spark}
19/06/12 16:41:37 INFO ContextHandler: Started o.e.j.s.ServletContextHandler@13aaa321{/json,null,AVAILABLE,@Spark}
19/06/12 16:41:37 INFO ContextHandler: Started o.e.j.s.ServletContextHandler@23972370{/static,null,AVAILABLE,@Spark}
19/06/12 16:41:37 INFO ContextHandler: Started o.e.j.s.ServletContextHandler@63e717fd{/log,null,AVAILABLE,@Spark}
19/06/12 16:41:37 INFO WorkerWebUI: Bound WorkerWebUI to sith0-hadoop, and started at http://192.168.2.100:8081
19/06/12 16:41:37 INFO Worker: Connecting to master sith7-hadoop:7077...
19/06/12 16:41:37 INFO ContextHandler: Started o.e.j.s.ServletContextHandler@4975d3ab{/metrics/json,null,AVAILABLE,@Spark}
19/06/12 16:41:37 INFO TransportClientFactory: Successfully created connection to sith7-hadoop/192.168.2.107:7077 after 30 ms (0 ms spent in bootstraps)
19/06/12 16:41:37 INFO Worker: Successfully registered with master spark://sith7-hadoop:7077
19/06/12 16:41:40 INFO Worker: Asked to launch executor app-20190612164140-0000/6 for pagerank
19/06/12 16:41:40 INFO SecurityManager: Changing view acls to: kolokasis
19/06/12 16:41:40 INFO SecurityManager: Changing modify acls to: kolokasis
19/06/12 16:41:40 INFO SecurityManager: Changing view acls groups to: 
19/06/12 16:41:40 INFO SecurityManager: Changing modify acls groups to: 
19/06/12 16:41:40 INFO SecurityManager: SecurityManager: authentication disabled; ui acls disabled; users  with view permissions: Set(kolokasis); groups with view permissions: Set(); users  with modify permissions: Set(kolokasis); groups with modify permissions: Set()
19/06/12 16:41:40 INFO Worker: Asked to launch executor app-20190612164140-0000/7 for pagerank
19/06/12 16:41:40 INFO SecurityManager: Changing view acls to: kolokasis
19/06/12 16:41:40 INFO Worker: Asked to launch executor app-20190612164140-0000/8 for pagerank
19/06/12 16:41:40 INFO SecurityManager: Changing modify acls to: kolokasis
19/06/12 16:41:40 INFO SecurityManager: Changing view acls groups to: 
19/06/12 16:41:40 INFO SecurityManager: Changing modify acls groups to: 
19/06/12 16:41:40 INFO SecurityManager: SecurityManager: authentication disabled; ui acls disabled; users  with view permissions: Set(kolokasis); groups with view permissions: Set(); users  with modify permissions: Set(kolokasis); groups with modify permissions: Set()
19/06/12 16:41:40 INFO SecurityManager: Changing view acls to: kolokasis
19/06/12 16:41:40 INFO Worker: Asked to launch executor app-20190612164140-0000/9 for pagerank
19/06/12 16:41:40 INFO SecurityManager: Changing modify acls to: kolokasis
19/06/12 16:41:40 INFO SecurityManager: Changing view acls groups to: 
19/06/12 16:41:40 INFO SecurityManager: Changing modify acls groups to: 
19/06/12 16:41:40 INFO SecurityManager: SecurityManager: authentication disabled; ui acls disabled; users  with view permissions: Set(kolokasis); groups with view permissions: Set(); users  with modify permissions: Set(kolokasis); groups with modify permissions: Set()
19/06/12 16:41:40 INFO SecurityManager: Changing view acls to: kolokasis
19/06/12 16:41:40 INFO SecurityManager: Changing modify acls to: kolokasis
19/06/12 16:41:40 INFO Worker: Asked to launch executor app-20190612164140-0000/10 for pagerank
19/06/12 16:41:40 INFO SecurityManager: Changing view acls groups to: 
19/06/12 16:41:40 INFO SecurityManager: Changing modify acls groups to: 
19/06/12 16:41:40 INFO SecurityManager: SecurityManager: authentication disabled; ui acls disabled; users  with view permissions: Set(kolokasis); groups with view permissions: Set(); users  with modify permissions: Set(kolokasis); groups with modify permissions: Set()
19/06/12 16:41:40 INFO SecurityManager: Changing view acls to: kolokasis
19/06/12 16:41:40 INFO SecurityManager: Changing modify acls to: kolokasis
19/06/12 16:41:40 INFO Worker: Asked to launch executor app-20190612164140-0000/11 for pagerank
19/06/12 16:41:40 INFO SecurityManager: Changing view acls groups to: 
19/06/12 16:41:40 INFO SecurityManager: Changing modify acls groups to: 
19/06/12 16:41:40 INFO SecurityManager: SecurityManager: authentication disabled; ui acls disabled; users  with view permissions: Set(kolokasis); groups with view permissions: Set(); users  with modify permissions: Set(kolokasis); groups with modify permissions: Set()
19/06/12 16:41:40 INFO SecurityManager: Changing view acls to: kolokasis
19/06/12 16:41:40 INFO SecurityManager: Changing modify acls to: kolokasis
19/06/12 16:41:40 INFO SecurityManager: Changing view acls groups to: 
19/06/12 16:41:40 INFO SecurityManager: Changing modify acls groups to: 
19/06/12 16:41:40 INFO SecurityManager: SecurityManager: authentication disabled; ui acls disabled; users  with view permissions: Set(kolokasis); groups with view permissions: Set(); users  with modify permissions: Set(kolokasis); groups with modify permissions: Set()
19/06/12 16:41:40 INFO ExecutorRunner: Launch command: "/usr/lib/jvm/java-1.8.0-openjdk//bin/java" "-cp" "/opt/spark/spark-master/conf/:/opt/spark/spark-master/assembly/target/scala-2.11/jars/*" "-Xmx39936M" "-Dspark.driver.port=36952" "-Dspark.network.timeout=10000000s" "-server" "-XX:+UseG1GC" "-XX:InitiatingHeapOccupancyPercent=35" "-XX:+UseCompressedOops" "-XX:+PrintFlagsFinal" "-XX:+PrintReferenceGC" "-verbose:gc" "-XX:+PrintGCDetails" "-XX:+PrintGCTimeStamps" "-XX:+PrintAdaptiveSizePolicy" "-XX:+UnlockDiagnosticVMOptions" "-XX:+G1SummarizeConcMark" "org.apache.spark.executor.CoarseGrainedExecutorBackend" "--driver-url" "spark://CoarseGrainedScheduler@192.168.2.107:36952" "--executor-id" "8" "--hostname" "192.168.2.100" "--cores" "5" "--app-id" "app-20190612164140-0000" "--worker-url" "spark://Worker@192.168.2.100:34840"
19/06/12 16:41:40 INFO ExecutorRunner: Launch command: "/usr/lib/jvm/java-1.8.0-openjdk//bin/java" "-cp" "/opt/spark/spark-master/conf/:/opt/spark/spark-master/assembly/target/scala-2.11/jars/*" "-Xmx39936M" "-Dspark.driver.port=36952" "-Dspark.network.timeout=10000000s" "-server" "-XX:+UseG1GC" "-XX:InitiatingHeapOccupancyPercent=35" "-XX:+UseCompressedOops" "-XX:+PrintFlagsFinal" "-XX:+PrintReferenceGC" "-verbose:gc" "-XX:+PrintGCDetails" "-XX:+PrintGCTimeStamps" "-XX:+PrintAdaptiveSizePolicy" "-XX:+UnlockDiagnosticVMOptions" "-XX:+G1SummarizeConcMark" "org.apache.spark.executor.CoarseGrainedExecutorBackend" "--driver-url" "spark://CoarseGrainedScheduler@192.168.2.107:36952" "--executor-id" "10" "--hostname" "192.168.2.100" "--cores" "5" "--app-id" "app-20190612164140-0000" "--worker-url" "spark://Worker@192.168.2.100:34840"
19/06/12 16:41:40 INFO ExecutorRunner: Launch command: "/usr/lib/jvm/java-1.8.0-openjdk//bin/java" "-cp" "/opt/spark/spark-master/conf/:/opt/spark/spark-master/assembly/target/scala-2.11/jars/*" "-Xmx39936M" "-Dspark.driver.port=36952" "-Dspark.network.timeout=10000000s" "-server" "-XX:+UseG1GC" "-XX:InitiatingHeapOccupancyPercent=35" "-XX:+UseCompressedOops" "-XX:+PrintFlagsFinal" "-XX:+PrintReferenceGC" "-verbose:gc" "-XX:+PrintGCDetails" "-XX:+PrintGCTimeStamps" "-XX:+PrintAdaptiveSizePolicy" "-XX:+UnlockDiagnosticVMOptions" "-XX:+G1SummarizeConcMark" "org.apache.spark.executor.CoarseGrainedExecutorBackend" "--driver-url" "spark://CoarseGrainedScheduler@192.168.2.107:36952" "--executor-id" "7" "--hostname" "192.168.2.100" "--cores" "5" "--app-id" "app-20190612164140-0000" "--worker-url" "spark://Worker@192.168.2.100:34840"
19/06/12 16:41:40 INFO ExecutorRunner: Launch command: "/usr/lib/jvm/java-1.8.0-openjdk//bin/java" "-cp" "/opt/spark/spark-master/conf/:/opt/spark/spark-master/assembly/target/scala-2.11/jars/*" "-Xmx39936M" "-Dspark.driver.port=36952" "-Dspark.network.timeout=10000000s" "-server" "-XX:+UseG1GC" "-XX:InitiatingHeapOccupancyPercent=35" "-XX:+UseCompressedOops" "-XX:+PrintFlagsFinal" "-XX:+PrintReferenceGC" "-verbose:gc" "-XX:+PrintGCDetails" "-XX:+PrintGCTimeStamps" "-XX:+PrintAdaptiveSizePolicy" "-XX:+UnlockDiagnosticVMOptions" "-XX:+G1SummarizeConcMark" "org.apache.spark.executor.CoarseGrainedExecutorBackend" "--driver-url" "spark://CoarseGrainedScheduler@192.168.2.107:36952" "--executor-id" "6" "--hostname" "192.168.2.100" "--cores" "5" "--app-id" "app-20190612164140-0000" "--worker-url" "spark://Worker@192.168.2.100:34840"
19/06/12 16:41:40 INFO ExecutorRunner: Launch command: "/usr/lib/jvm/java-1.8.0-openjdk//bin/java" "-cp" "/opt/spark/spark-master/conf/:/opt/spark/spark-master/assembly/target/scala-2.11/jars/*" "-Xmx39936M" "-Dspark.driver.port=36952" "-Dspark.network.timeout=10000000s" "-server" "-XX:+UseG1GC" "-XX:InitiatingHeapOccupancyPercent=35" "-XX:+UseCompressedOops" "-XX:+PrintFlagsFinal" "-XX:+PrintReferenceGC" "-verbose:gc" "-XX:+PrintGCDetails" "-XX:+PrintGCTimeStamps" "-XX:+PrintAdaptiveSizePolicy" "-XX:+UnlockDiagnosticVMOptions" "-XX:+G1SummarizeConcMark" "org.apache.spark.executor.CoarseGrainedExecutorBackend" "--driver-url" "spark://CoarseGrainedScheduler@192.168.2.107:36952" "--executor-id" "9" "--hostname" "192.168.2.100" "--cores" "5" "--app-id" "app-20190612164140-0000" "--worker-url" "spark://Worker@192.168.2.100:34840"
19/06/12 16:41:40 INFO ExecutorRunner: Launch command: "/usr/lib/jvm/java-1.8.0-openjdk//bin/java" "-cp" "/opt/spark/spark-master/conf/:/opt/spark/spark-master/assembly/target/scala-2.11/jars/*" "-Xmx39936M" "-Dspark.driver.port=36952" "-Dspark.network.timeout=10000000s" "-server" "-XX:+UseG1GC" "-XX:InitiatingHeapOccupancyPercent=35" "-XX:+UseCompressedOops" "-XX:+PrintFlagsFinal" "-XX:+PrintReferenceGC" "-verbose:gc" "-XX:+PrintGCDetails" "-XX:+PrintGCTimeStamps" "-XX:+PrintAdaptiveSizePolicy" "-XX:+UnlockDiagnosticVMOptions" "-XX:+G1SummarizeConcMark" "org.apache.spark.executor.CoarseGrainedExecutorBackend" "--driver-url" "spark://CoarseGrainedScheduler@192.168.2.107:36952" "--executor-id" "11" "--hostname" "192.168.2.100" "--cores" "5" "--app-id" "app-20190612164140-0000" "--worker-url" "spark://Worker@192.168.2.100:34840"
19/06/12 16:41:47 WARN CsvReporter: Error writing to jvm.PS-MarkSweep.count
java.io.IOException: No such file or directory
	at java.io.UnixFileSystem.createFileExclusively(Native Method)
	at java.io.File.createNewFile(File.java:1012)
	at com.codahale.metrics.CsvReporter.report(CsvReporter.java:241)
	at com.codahale.metrics.CsvReporter.reportGauge(CsvReporter.java:234)
	at com.codahale.metrics.CsvReporter.report(CsvReporter.java:150)
	at com.codahale.metrics.ScheduledReporter.report(ScheduledReporter.java:162)
	at com.codahale.metrics.ScheduledReporter$1.run(ScheduledReporter.java:117)
	at java.util.concurrent.Executors$RunnableAdapter.call(Executors.java:511)
	at java.util.concurrent.FutureTask.runAndReset(FutureTask.java:308)
	at java.util.concurrent.ScheduledThreadPoolExecutor$ScheduledFutureTask.access$301(ScheduledThreadPoolExecutor.java:180)
	at java.util.concurrent.ScheduledThreadPoolExecutor$ScheduledFutureTask.run(ScheduledThreadPoolExecutor.java:294)
	at java.util.concurrent.ThreadPoolExecutor.runWorker(ThreadPoolExecutor.java:1149)
	at java.util.concurrent.ThreadPoolExecutor$Worker.run(ThreadPoolExecutor.java:624)
	at java.lang.Thread.run(Thread.java:748)
19/06/12 16:41:47 WARN CsvReporter: Error writing to jvm.PS-MarkSweep.time
java.io.IOException: No such file or directory
	at java.io.UnixFileSystem.createFileExclusively(Native Method)
	at java.io.File.createNewFile(File.java:1012)
	at com.codahale.metrics.CsvReporter.report(CsvReporter.java:241)
	at com.codahale.metrics.CsvReporter.reportGauge(CsvReporter.java:234)
	at com.codahale.metrics.CsvReporter.report(CsvReporter.java:150)
	at com.codahale.metrics.ScheduledReporter.report(ScheduledReporter.java:162)
	at com.codahale.metrics.ScheduledReporter$1.run(ScheduledReporter.java:117)
	at java.util.concurrent.Executors$RunnableAdapter.call(Executors.java:511)
	at java.util.concurrent.FutureTask.runAndReset(FutureTask.java:308)
	at java.util.concurrent.ScheduledThreadPoolExecutor$ScheduledFutureTask.access$301(ScheduledThreadPoolExecutor.java:180)
	at java.util.concurrent.ScheduledThreadPoolExecutor$ScheduledFutureTask.run(ScheduledThreadPoolExecutor.java:294)
	at java.util.concurrent.ThreadPoolExecutor.runWorker(ThreadPoolExecutor.java:1149)
	at java.util.concurrent.ThreadPoolExecutor$Worker.run(ThreadPoolExecutor.java:624)
	at java.lang.Thread.run(Thread.java:748)
19/06/12 16:41:47 WARN CsvReporter: Error writing to jvm.PS-Scavenge.count
java.io.IOException: No such file or directory
	at java.io.UnixFileSystem.createFileExclusively(Native Method)
	at java.io.File.createNewFile(File.java:1012)
	at com.codahale.metrics.CsvReporter.report(CsvReporter.java:241)
	at com.codahale.metrics.CsvReporter.reportGauge(CsvReporter.java:234)
	at com.codahale.metrics.CsvReporter.report(CsvReporter.java:150)
	at com.codahale.metrics.ScheduledReporter.report(ScheduledReporter.java:162)
	at com.codahale.metrics.ScheduledReporter$1.run(ScheduledReporter.java:117)
	at java.util.concurrent.Executors$RunnableAdapter.call(Executors.java:511)
	at java.util.concurrent.FutureTask.runAndReset(FutureTask.java:308)
	at java.util.concurrent.ScheduledThreadPoolExecutor$ScheduledFutureTask.access$301(ScheduledThreadPoolExecutor.java:180)
	at java.util.concurrent.ScheduledThreadPoolExecutor$ScheduledFutureTask.run(ScheduledThreadPoolExecutor.java:294)
	at java.util.concurrent.ThreadPoolExecutor.runWorker(ThreadPoolExecutor.java:1149)
	at java.util.concurrent.ThreadPoolExecutor$Worker.run(ThreadPoolExecutor.java:624)
	at java.lang.Thread.run(Thread.java:748)
19/06/12 16:41:47 WARN CsvReporter: Error writing to jvm.PS-Scavenge.time
java.io.IOException: No such file or directory
	at java.io.UnixFileSystem.createFileExclusively(Native Method)
	at java.io.File.createNewFile(File.java:1012)
	at com.codahale.metrics.CsvReporter.report(CsvReporter.java:241)
	at com.codahale.metrics.CsvReporter.reportGauge(CsvReporter.java:234)
	at com.codahale.metrics.CsvReporter.report(CsvReporter.java:150)
	at com.codahale.metrics.ScheduledReporter.report(ScheduledReporter.java:162)
	at com.codahale.metrics.ScheduledReporter$1.run(ScheduledReporter.java:117)
	at java.util.concurrent.Executors$RunnableAdapter.call(Executors.java:511)
	at java.util.concurrent.FutureTask.runAndReset(FutureTask.java:308)
	at java.util.concurrent.ScheduledThreadPoolExecutor$ScheduledFutureTask.access$301(ScheduledThreadPoolExecutor.java:180)
	at java.util.concurrent.ScheduledThreadPoolExecutor$ScheduledFutureTask.run(ScheduledThreadPoolExecutor.java:294)
	at java.util.concurrent.ThreadPoolExecutor.runWorker(ThreadPoolExecutor.java:1149)
	at java.util.concurrent.ThreadPoolExecutor$Worker.run(ThreadPoolExecutor.java:624)
	at java.lang.Thread.run(Thread.java:748)
19/06/12 16:41:47 WARN CsvReporter: Error writing to jvm.heap.committed
java.io.IOException: No such file or directory
	at java.io.UnixFileSystem.createFileExclusively(Native Method)
	at java.io.File.createNewFile(File.java:1012)
	at com.codahale.metrics.CsvReporter.report(CsvReporter.java:241)
	at com.codahale.metrics.CsvReporter.reportGauge(CsvReporter.java:234)
	at com.codahale.metrics.CsvReporter.report(CsvReporter.java:150)
	at com.codahale.metrics.ScheduledReporter.report(ScheduledReporter.java:162)
	at com.codahale.metrics.ScheduledReporter$1.run(ScheduledReporter.java:117)
	at java.util.concurrent.Executors$RunnableAdapter.call(Executors.java:511)
	at java.util.concurrent.FutureTask.runAndReset(FutureTask.java:308)
	at java.util.concurrent.ScheduledThreadPoolExecutor$ScheduledFutureTask.access$301(ScheduledThreadPoolExecutor.java:180)
	at java.util.concurrent.ScheduledThreadPoolExecutor$ScheduledFutureTask.run(ScheduledThreadPoolExecutor.java:294)
	at java.util.concurrent.ThreadPoolExecutor.runWorker(ThreadPoolExecutor.java:1149)
	at java.util.concurrent.ThreadPoolExecutor$Worker.run(ThreadPoolExecutor.java:624)
	at java.lang.Thread.run(Thread.java:748)
19/06/12 16:41:47 WARN CsvReporter: Error writing to jvm.heap.init
java.io.IOException: No such file or directory
	at java.io.UnixFileSystem.createFileExclusively(Native Method)
	at java.io.File.createNewFile(File.java:1012)
	at com.codahale.metrics.CsvReporter.report(CsvReporter.java:241)
	at com.codahale.metrics.CsvReporter.reportGauge(CsvReporter.java:234)
	at com.codahale.metrics.CsvReporter.report(CsvReporter.java:150)
	at com.codahale.metrics.ScheduledReporter.report(ScheduledReporter.java:162)
	at com.codahale.metrics.ScheduledReporter$1.run(ScheduledReporter.java:117)
	at java.util.concurrent.Executors$RunnableAdapter.call(Executors.java:511)
	at java.util.concurrent.FutureTask.runAndReset(FutureTask.java:308)
	at java.util.concurrent.ScheduledThreadPoolExecutor$ScheduledFutureTask.access$301(ScheduledThreadPoolExecutor.java:180)
	at java.util.concurrent.ScheduledThreadPoolExecutor$ScheduledFutureTask.run(ScheduledThreadPoolExecutor.java:294)
	at java.util.concurrent.ThreadPoolExecutor.runWorker(ThreadPoolExecutor.java:1149)
	at java.util.concurrent.ThreadPoolExecutor$Worker.run(ThreadPoolExecutor.java:624)
	at java.lang.Thread.run(Thread.java:748)
19/06/12 16:41:47 WARN CsvReporter: Error writing to jvm.heap.max
java.io.IOException: No such file or directory
	at java.io.UnixFileSystem.createFileExclusively(Native Method)
	at java.io.File.createNewFile(File.java:1012)
	at com.codahale.metrics.CsvReporter.report(CsvReporter.java:241)
	at com.codahale.metrics.CsvReporter.reportGauge(CsvReporter.java:234)
	at com.codahale.metrics.CsvReporter.report(CsvReporter.java:150)
	at com.codahale.metrics.ScheduledReporter.report(ScheduledReporter.java:162)
	at com.codahale.metrics.ScheduledReporter$1.run(ScheduledReporter.java:117)
	at java.util.concurrent.Executors$RunnableAdapter.call(Executors.java:511)
	at java.util.concurrent.FutureTask.runAndReset(FutureTask.java:308)
	at java.util.concurrent.ScheduledThreadPoolExecutor$ScheduledFutureTask.access$301(ScheduledThreadPoolExecutor.java:180)
	at java.util.concurrent.ScheduledThreadPoolExecutor$ScheduledFutureTask.run(ScheduledThreadPoolExecutor.java:294)
	at java.util.concurrent.ThreadPoolExecutor.runWorker(ThreadPoolExecutor.java:1149)
	at java.util.concurrent.ThreadPoolExecutor$Worker.run(ThreadPoolExecutor.java:624)
	at java.lang.Thread.run(Thread.java:748)
19/06/12 16:41:47 WARN CsvReporter: Error writing to jvm.heap.usage
java.io.IOException: No such file or directory
	at java.io.UnixFileSystem.createFileExclusively(Native Method)
	at java.io.File.createNewFile(File.java:1012)
	at com.codahale.metrics.CsvReporter.report(CsvReporter.java:241)
	at com.codahale.metrics.CsvReporter.reportGauge(CsvReporter.java:234)
	at com.codahale.metrics.CsvReporter.report(CsvReporter.java:150)
	at com.codahale.metrics.ScheduledReporter.report(ScheduledReporter.java:162)
	at com.codahale.metrics.ScheduledReporter$1.run(ScheduledReporter.java:117)
	at java.util.concurrent.Executors$RunnableAdapter.call(Executors.java:511)
	at java.util.concurrent.FutureTask.runAndReset(FutureTask.java:308)
	at java.util.concurrent.ScheduledThreadPoolExecutor$ScheduledFutureTask.access$301(ScheduledThreadPoolExecutor.java:180)
	at java.util.concurrent.ScheduledThreadPoolExecutor$ScheduledFutureTask.run(ScheduledThreadPoolExecutor.java:294)
	at java.util.concurrent.ThreadPoolExecutor.runWorker(ThreadPoolExecutor.java:1149)
	at java.util.concurrent.ThreadPoolExecutor$Worker.run(ThreadPoolExecutor.java:624)
	at java.lang.Thread.run(Thread.java:748)
19/06/12 16:41:47 WARN CsvReporter: Error writing to jvm.heap.used
java.io.IOException: No such file or directory
	at java.io.UnixFileSystem.createFileExclusively(Native Method)
	at java.io.File.createNewFile(File.java:1012)
	at com.codahale.metrics.CsvReporter.report(CsvReporter.java:241)
	at com.codahale.metrics.CsvReporter.reportGauge(CsvReporter.java:234)
	at com.codahale.metrics.CsvReporter.report(CsvReporter.java:150)
	at com.codahale.metrics.ScheduledReporter.report(ScheduledReporter.java:162)
	at com.codahale.metrics.ScheduledReporter$1.run(ScheduledReporter.java:117)
	at java.util.concurrent.Executors$RunnableAdapter.call(Executors.java:511)
	at java.util.concurrent.FutureTask.runAndReset(FutureTask.java:308)
	at java.util.concurrent.ScheduledThreadPoolExecutor$ScheduledFutureTask.access$301(ScheduledThreadPoolExecutor.java:180)
	at java.util.concurrent.ScheduledThreadPoolExecutor$ScheduledFutureTask.run(ScheduledThreadPoolExecutor.java:294)
	at java.util.concurrent.ThreadPoolExecutor.runWorker(ThreadPoolExecutor.java:1149)
	at java.util.concurrent.ThreadPoolExecutor$Worker.run(ThreadPoolExecutor.java:624)
	at java.lang.Thread.run(Thread.java:748)
19/06/12 16:41:47 WARN CsvReporter: Error writing to jvm.non-heap.committed
java.io.IOException: No such file or directory
	at java.io.UnixFileSystem.createFileExclusively(Native Method)
	at java.io.File.createNewFile(File.java:1012)
	at com.codahale.metrics.CsvReporter.report(CsvReporter.java:241)
	at com.codahale.metrics.CsvReporter.reportGauge(CsvReporter.java:234)
	at com.codahale.metrics.CsvReporter.report(CsvReporter.java:150)
	at com.codahale.metrics.ScheduledReporter.report(ScheduledReporter.java:162)
	at com.codahale.metrics.ScheduledReporter$1.run(ScheduledReporter.java:117)
	at java.util.concurrent.Executors$RunnableAdapter.call(Executors.java:511)
	at java.util.concurrent.FutureTask.runAndReset(FutureTask.java:308)
	at java.util.concurrent.ScheduledThreadPoolExecutor$ScheduledFutureTask.access$301(ScheduledThreadPoolExecutor.java:180)
	at java.util.concurrent.ScheduledThreadPoolExecutor$ScheduledFutureTask.run(ScheduledThreadPoolExecutor.java:294)
	at java.util.concurrent.ThreadPoolExecutor.runWorker(ThreadPoolExecutor.java:1149)
	at java.util.concurrent.ThreadPoolExecutor$Worker.run(ThreadPoolExecutor.java:624)
	at java.lang.Thread.run(Thread.java:748)
19/06/12 16:41:47 WARN CsvReporter: Error writing to jvm.non-heap.init
java.io.IOException: No such file or directory
	at java.io.UnixFileSystem.createFileExclusively(Native Method)
	at java.io.File.createNewFile(File.java:1012)
	at com.codahale.metrics.CsvReporter.report(CsvReporter.java:241)
	at com.codahale.metrics.CsvReporter.reportGauge(CsvReporter.java:234)
	at com.codahale.metrics.CsvReporter.report(CsvReporter.java:150)
	at com.codahale.metrics.ScheduledReporter.report(ScheduledReporter.java:162)
	at com.codahale.metrics.ScheduledReporter$1.run(ScheduledReporter.java:117)
	at java.util.concurrent.Executors$RunnableAdapter.call(Executors.java:511)
	at java.util.concurrent.FutureTask.runAndReset(FutureTask.java:308)
	at java.util.concurrent.ScheduledThreadPoolExecutor$ScheduledFutureTask.access$301(ScheduledThreadPoolExecutor.java:180)
	at java.util.concurrent.ScheduledThreadPoolExecutor$ScheduledFutureTask.run(ScheduledThreadPoolExecutor.java:294)
	at java.util.concurrent.ThreadPoolExecutor.runWorker(ThreadPoolExecutor.java:1149)
	at java.util.concurrent.ThreadPoolExecutor$Worker.run(ThreadPoolExecutor.java:624)
	at java.lang.Thread.run(Thread.java:748)
19/06/12 16:41:47 WARN CsvReporter: Error writing to jvm.non-heap.max
java.io.IOException: No such file or directory
	at java.io.UnixFileSystem.createFileExclusively(Native Method)
	at java.io.File.createNewFile(File.java:1012)
	at com.codahale.metrics.CsvReporter.report(CsvReporter.java:241)
	at com.codahale.metrics.CsvReporter.reportGauge(CsvReporter.java:234)
	at com.codahale.metrics.CsvReporter.report(CsvReporter.java:150)
	at com.codahale.metrics.ScheduledReporter.report(ScheduledReporter.java:162)
	at com.codahale.metrics.ScheduledReporter$1.run(ScheduledReporter.java:117)
	at java.util.concurrent.Executors$RunnableAdapter.call(Executors.java:511)
	at java.util.concurrent.FutureTask.runAndReset(FutureTask.java:308)
	at java.util.concurrent.ScheduledThreadPoolExecutor$ScheduledFutureTask.access$301(ScheduledThreadPoolExecutor.java:180)
	at java.util.concurrent.ScheduledThreadPoolExecutor$ScheduledFutureTask.run(ScheduledThreadPoolExecutor.java:294)
	at java.util.concurrent.ThreadPoolExecutor.runWorker(ThreadPoolExecutor.java:1149)
	at java.util.concurrent.ThreadPoolExecutor$Worker.run(ThreadPoolExecutor.java:624)
	at java.lang.Thread.run(Thread.java:748)
19/06/12 16:41:47 WARN CsvReporter: Error writing to jvm.non-heap.usage
java.io.IOException: No such file or directory
	at java.io.UnixFileSystem.createFileExclusively(Native Method)
	at java.io.File.createNewFile(File.java:1012)
	at com.codahale.metrics.CsvReporter.report(CsvReporter.java:241)
	at com.codahale.metrics.CsvReporter.reportGauge(CsvReporter.java:234)
	at com.codahale.metrics.CsvReporter.report(CsvReporter.java:150)
	at com.codahale.metrics.ScheduledReporter.report(ScheduledReporter.java:162)
	at com.codahale.metrics.ScheduledReporter$1.run(ScheduledReporter.java:117)
	at java.util.concurrent.Executors$RunnableAdapter.call(Executors.java:511)
	at java.util.concurrent.FutureTask.runAndReset(FutureTask.java:308)
	at java.util.concurrent.ScheduledThreadPoolExecutor$ScheduledFutureTask.access$301(ScheduledThreadPoolExecutor.java:180)
	at java.util.concurrent.ScheduledThreadPoolExecutor$ScheduledFutureTask.run(ScheduledThreadPoolExecutor.java:294)
	at java.util.concurrent.ThreadPoolExecutor.runWorker(ThreadPoolExecutor.java:1149)
	at java.util.concurrent.ThreadPoolExecutor$Worker.run(ThreadPoolExecutor.java:624)
	at java.lang.Thread.run(Thread.java:748)
19/06/12 16:41:47 WARN CsvReporter: Error writing to jvm.non-heap.used
java.io.IOException: No such file or directory
	at java.io.UnixFileSystem.createFileExclusively(Native Method)
	at java.io.File.createNewFile(File.java:1012)
	at com.codahale.metrics.CsvReporter.report(CsvReporter.java:241)
	at com.codahale.metrics.CsvReporter.reportGauge(CsvReporter.java:234)
	at com.codahale.metrics.CsvReporter.report(CsvReporter.java:150)
	at com.codahale.metrics.ScheduledReporter.report(ScheduledReporter.java:162)
	at com.codahale.metrics.ScheduledReporter$1.run(ScheduledReporter.java:117)
	at java.util.concurrent.Executors$RunnableAdapter.call(Executors.java:511)
	at java.util.concurrent.FutureTask.runAndReset(FutureTask.java:308)
	at java.util.concurrent.ScheduledThreadPoolExecutor$ScheduledFutureTask.access$301(ScheduledThreadPoolExecutor.java:180)
	at java.util.concurrent.ScheduledThreadPoolExecutor$ScheduledFutureTask.run(ScheduledThreadPoolExecutor.java:294)
	at java.util.concurrent.ThreadPoolExecutor.runWorker(ThreadPoolExecutor.java:1149)
	at java.util.concurrent.ThreadPoolExecutor$Worker.run(ThreadPoolExecutor.java:624)
	at java.lang.Thread.run(Thread.java:748)
19/06/12 16:41:47 WARN CsvReporter: Error writing to jvm.pools.Code-Cache.committed
java.io.IOException: No such file or directory
	at java.io.UnixFileSystem.createFileExclusively(Native Method)
	at java.io.File.createNewFile(File.java:1012)
	at com.codahale.metrics.CsvReporter.report(CsvReporter.java:241)
	at com.codahale.metrics.CsvReporter.reportGauge(CsvReporter.java:234)
	at com.codahale.metrics.CsvReporter.report(CsvReporter.java:150)
	at com.codahale.metrics.ScheduledReporter.report(ScheduledReporter.java:162)
	at com.codahale.metrics.ScheduledReporter$1.run(ScheduledReporter.java:117)
	at java.util.concurrent.Executors$RunnableAdapter.call(Executors.java:511)
	at java.util.concurrent.FutureTask.runAndReset(FutureTask.java:308)
	at java.util.concurrent.ScheduledThreadPoolExecutor$ScheduledFutureTask.access$301(ScheduledThreadPoolExecutor.java:180)
	at java.util.concurrent.ScheduledThreadPoolExecutor$ScheduledFutureTask.run(ScheduledThreadPoolExecutor.java:294)
	at java.util.concurrent.ThreadPoolExecutor.runWorker(ThreadPoolExecutor.java:1149)
	at java.util.concurrent.ThreadPoolExecutor$Worker.run(ThreadPoolExecutor.java:624)
	at java.lang.Thread.run(Thread.java:748)
19/06/12 16:41:47 WARN CsvReporter: Error writing to jvm.pools.Code-Cache.init
java.io.IOException: No such file or directory
	at java.io.UnixFileSystem.createFileExclusively(Native Method)
	at java.io.File.createNewFile(File.java:1012)
	at com.codahale.metrics.CsvReporter.report(CsvReporter.java:241)
	at com.codahale.metrics.CsvReporter.reportGauge(CsvReporter.java:234)
	at com.codahale.metrics.CsvReporter.report(CsvReporter.java:150)
	at com.codahale.metrics.ScheduledReporter.report(ScheduledReporter.java:162)
	at com.codahale.metrics.ScheduledReporter$1.run(ScheduledReporter.java:117)
	at java.util.concurrent.Executors$RunnableAdapter.call(Executors.java:511)
	at java.util.concurrent.FutureTask.runAndReset(FutureTask.java:308)
	at java.util.concurrent.ScheduledThreadPoolExecutor$ScheduledFutureTask.access$301(ScheduledThreadPoolExecutor.java:180)
	at java.util.concurrent.ScheduledThreadPoolExecutor$ScheduledFutureTask.run(ScheduledThreadPoolExecutor.java:294)
	at java.util.concurrent.ThreadPoolExecutor.runWorker(ThreadPoolExecutor.java:1149)
	at java.util.concurrent.ThreadPoolExecutor$Worker.run(ThreadPoolExecutor.java:624)
	at java.lang.Thread.run(Thread.java:748)
19/06/12 16:41:47 WARN CsvReporter: Error writing to jvm.pools.Code-Cache.max
java.io.IOException: No such file or directory
	at java.io.UnixFileSystem.createFileExclusively(Native Method)
	at java.io.File.createNewFile(File.java:1012)
	at com.codahale.metrics.CsvReporter.report(CsvReporter.java:241)
	at com.codahale.metrics.CsvReporter.reportGauge(CsvReporter.java:234)
	at com.codahale.metrics.CsvReporter.report(CsvReporter.java:150)
	at com.codahale.metrics.ScheduledReporter.report(ScheduledReporter.java:162)
	at com.codahale.metrics.ScheduledReporter$1.run(ScheduledReporter.java:117)
	at java.util.concurrent.Executors$RunnableAdapter.call(Executors.java:511)
	at java.util.concurrent.FutureTask.runAndReset(FutureTask.java:308)
	at java.util.concurrent.ScheduledThreadPoolExecutor$ScheduledFutureTask.access$301(ScheduledThreadPoolExecutor.java:180)
	at java.util.concurrent.ScheduledThreadPoolExecutor$ScheduledFutureTask.run(ScheduledThreadPoolExecutor.java:294)
	at java.util.concurrent.ThreadPoolExecutor.runWorker(ThreadPoolExecutor.java:1149)
	at java.util.concurrent.ThreadPoolExecutor$Worker.run(ThreadPoolExecutor.java:624)
	at java.lang.Thread.run(Thread.java:748)
19/06/12 16:41:47 WARN CsvReporter: Error writing to jvm.pools.Code-Cache.usage
java.io.IOException: No such file or directory
	at java.io.UnixFileSystem.createFileExclusively(Native Method)
	at java.io.File.createNewFile(File.java:1012)
	at com.codahale.metrics.CsvReporter.report(CsvReporter.java:241)
	at com.codahale.metrics.CsvReporter.reportGauge(CsvReporter.java:234)
	at com.codahale.metrics.CsvReporter.report(CsvReporter.java:150)
	at com.codahale.metrics.ScheduledReporter.report(ScheduledReporter.java:162)
	at com.codahale.metrics.ScheduledReporter$1.run(ScheduledReporter.java:117)
	at java.util.concurrent.Executors$RunnableAdapter.call(Executors.java:511)
	at java.util.concurrent.FutureTask.runAndReset(FutureTask.java:308)
	at java.util.concurrent.ScheduledThreadPoolExecutor$ScheduledFutureTask.access$301(ScheduledThreadPoolExecutor.java:180)
	at java.util.concurrent.ScheduledThreadPoolExecutor$ScheduledFutureTask.run(ScheduledThreadPoolExecutor.java:294)
	at java.util.concurrent.ThreadPoolExecutor.runWorker(ThreadPoolExecutor.java:1149)
	at java.util.concurrent.ThreadPoolExecutor$Worker.run(ThreadPoolExecutor.java:624)
	at java.lang.Thread.run(Thread.java:748)
19/06/12 16:41:47 WARN CsvReporter: Error writing to jvm.pools.Code-Cache.used
java.io.IOException: No such file or directory
	at java.io.UnixFileSystem.createFileExclusively(Native Method)
	at java.io.File.createNewFile(File.java:1012)
	at com.codahale.metrics.CsvReporter.report(CsvReporter.java:241)
	at com.codahale.metrics.CsvReporter.reportGauge(CsvReporter.java:234)
	at com.codahale.metrics.CsvReporter.report(CsvReporter.java:150)
	at com.codahale.metrics.ScheduledReporter.report(ScheduledReporter.java:162)
	at com.codahale.metrics.ScheduledReporter$1.run(ScheduledReporter.java:117)
	at java.util.concurrent.Executors$RunnableAdapter.call(Executors.java:511)
	at java.util.concurrent.FutureTask.runAndReset(FutureTask.java:308)
	at java.util.concurrent.ScheduledThreadPoolExecutor$ScheduledFutureTask.access$301(ScheduledThreadPoolExecutor.java:180)
	at java.util.concurrent.ScheduledThreadPoolExecutor$ScheduledFutureTask.run(ScheduledThreadPoolExecutor.java:294)
	at java.util.concurrent.ThreadPoolExecutor.runWorker(ThreadPoolExecutor.java:1149)
	at java.util.concurrent.ThreadPoolExecutor$Worker.run(ThreadPoolExecutor.java:624)
	at java.lang.Thread.run(Thread.java:748)
19/06/12 16:41:47 WARN CsvReporter: Error writing to jvm.pools.Compressed-Class-Space.committed
java.io.IOException: No such file or directory
	at java.io.UnixFileSystem.createFileExclusively(Native Method)
	at java.io.File.createNewFile(File.java:1012)
	at com.codahale.metrics.CsvReporter.report(CsvReporter.java:241)
	at com.codahale.metrics.CsvReporter.reportGauge(CsvReporter.java:234)
	at com.codahale.metrics.CsvReporter.report(CsvReporter.java:150)
	at com.codahale.metrics.ScheduledReporter.report(ScheduledReporter.java:162)
	at com.codahale.metrics.ScheduledReporter$1.run(ScheduledReporter.java:117)
	at java.util.concurrent.Executors$RunnableAdapter.call(Executors.java:511)
	at java.util.concurrent.FutureTask.runAndReset(FutureTask.java:308)
	at java.util.concurrent.ScheduledThreadPoolExecutor$ScheduledFutureTask.access$301(ScheduledThreadPoolExecutor.java:180)
	at java.util.concurrent.ScheduledThreadPoolExecutor$ScheduledFutureTask.run(ScheduledThreadPoolExecutor.java:294)
	at java.util.concurrent.ThreadPoolExecutor.runWorker(ThreadPoolExecutor.java:1149)
	at java.util.concurrent.ThreadPoolExecutor$Worker.run(ThreadPoolExecutor.java:624)
	at java.lang.Thread.run(Thread.java:748)
19/06/12 16:41:47 WARN CsvReporter: Error writing to jvm.pools.Compressed-Class-Space.init
java.io.IOException: No such file or directory
	at java.io.UnixFileSystem.createFileExclusively(Native Method)
	at java.io.File.createNewFile(File.java:1012)
	at com.codahale.metrics.CsvReporter.report(CsvReporter.java:241)
	at com.codahale.metrics.CsvReporter.reportGauge(CsvReporter.java:234)
	at com.codahale.metrics.CsvReporter.report(CsvReporter.java:150)
	at com.codahale.metrics.ScheduledReporter.report(ScheduledReporter.java:162)
	at com.codahale.metrics.ScheduledReporter$1.run(ScheduledReporter.java:117)
	at java.util.concurrent.Executors$RunnableAdapter.call(Executors.java:511)
	at java.util.concurrent.FutureTask.runAndReset(FutureTask.java:308)
	at java.util.concurrent.ScheduledThreadPoolExecutor$ScheduledFutureTask.access$301(ScheduledThreadPoolExecutor.java:180)
	at java.util.concurrent.ScheduledThreadPoolExecutor$ScheduledFutureTask.run(ScheduledThreadPoolExecutor.java:294)
	at java.util.concurrent.ThreadPoolExecutor.runWorker(ThreadPoolExecutor.java:1149)
	at java.util.concurrent.ThreadPoolExecutor$Worker.run(ThreadPoolExecutor.java:624)
	at java.lang.Thread.run(Thread.java:748)
19/06/12 16:41:47 WARN CsvReporter: Error writing to jvm.pools.Compressed-Class-Space.max
java.io.IOException: No such file or directory
	at java.io.UnixFileSystem.createFileExclusively(Native Method)
	at java.io.File.createNewFile(File.java:1012)
	at com.codahale.metrics.CsvReporter.report(CsvReporter.java:241)
	at com.codahale.metrics.CsvReporter.reportGauge(CsvReporter.java:234)
	at com.codahale.metrics.CsvReporter.report(CsvReporter.java:150)
	at com.codahale.metrics.ScheduledReporter.report(ScheduledReporter.java:162)
	at com.codahale.metrics.ScheduledReporter$1.run(ScheduledReporter.java:117)
	at java.util.concurrent.Executors$RunnableAdapter.call(Executors.java:511)
	at java.util.concurrent.FutureTask.runAndReset(FutureTask.java:308)
	at java.util.concurrent.ScheduledThreadPoolExecutor$ScheduledFutureTask.access$301(ScheduledThreadPoolExecutor.java:180)
	at java.util.concurrent.ScheduledThreadPoolExecutor$ScheduledFutureTask.run(ScheduledThreadPoolExecutor.java:294)
	at java.util.concurrent.ThreadPoolExecutor.runWorker(ThreadPoolExecutor.java:1149)
	at java.util.concurrent.ThreadPoolExecutor$Worker.run(ThreadPoolExecutor.java:624)
	at java.lang.Thread.run(Thread.java:748)
19/06/12 16:41:47 WARN CsvReporter: Error writing to jvm.pools.Compressed-Class-Space.usage
java.io.IOException: No such file or directory
	at java.io.UnixFileSystem.createFileExclusively(Native Method)
	at java.io.File.createNewFile(File.java:1012)
	at com.codahale.metrics.CsvReporter.report(CsvReporter.java:241)
	at com.codahale.metrics.CsvReporter.reportGauge(CsvReporter.java:234)
	at com.codahale.metrics.CsvReporter.report(CsvReporter.java:150)
	at com.codahale.metrics.ScheduledReporter.report(ScheduledReporter.java:162)
	at com.codahale.metrics.ScheduledReporter$1.run(ScheduledReporter.java:117)
	at java.util.concurrent.Executors$RunnableAdapter.call(Executors.java:511)
	at java.util.concurrent.FutureTask.runAndReset(FutureTask.java:308)
	at java.util.concurrent.ScheduledThreadPoolExecutor$ScheduledFutureTask.access$301(ScheduledThreadPoolExecutor.java:180)
	at java.util.concurrent.ScheduledThreadPoolExecutor$ScheduledFutureTask.run(ScheduledThreadPoolExecutor.java:294)
	at java.util.concurrent.ThreadPoolExecutor.runWorker(ThreadPoolExecutor.java:1149)
	at java.util.concurrent.ThreadPoolExecutor$Worker.run(ThreadPoolExecutor.java:624)
	at java.lang.Thread.run(Thread.java:748)
19/06/12 16:41:47 WARN CsvReporter: Error writing to jvm.pools.Compressed-Class-Space.used
java.io.IOException: No such file or directory
	at java.io.UnixFileSystem.createFileExclusively(Native Method)
	at java.io.File.createNewFile(File.java:1012)
	at com.codahale.metrics.CsvReporter.report(CsvReporter.java:241)
	at com.codahale.metrics.CsvReporter.reportGauge(CsvReporter.java:234)
	at com.codahale.metrics.CsvReporter.report(CsvReporter.java:150)
	at com.codahale.metrics.ScheduledReporter.report(ScheduledReporter.java:162)
	at com.codahale.metrics.ScheduledReporter$1.run(ScheduledReporter.java:117)
	at java.util.concurrent.Executors$RunnableAdapter.call(Executors.java:511)
	at java.util.concurrent.FutureTask.runAndReset(FutureTask.java:308)
	at java.util.concurrent.ScheduledThreadPoolExecutor$ScheduledFutureTask.access$301(ScheduledThreadPoolExecutor.java:180)
	at java.util.concurrent.ScheduledThreadPoolExecutor$ScheduledFutureTask.run(ScheduledThreadPoolExecutor.java:294)
	at java.util.concurrent.ThreadPoolExecutor.runWorker(ThreadPoolExecutor.java:1149)
	at java.util.concurrent.ThreadPoolExecutor$Worker.run(ThreadPoolExecutor.java:624)
	at java.lang.Thread.run(Thread.java:748)
19/06/12 16:41:47 WARN CsvReporter: Error writing to jvm.pools.Metaspace.committed
java.io.IOException: No such file or directory
	at java.io.UnixFileSystem.createFileExclusively(Native Method)
	at java.io.File.createNewFile(File.java:1012)
	at com.codahale.metrics.CsvReporter.report(CsvReporter.java:241)
	at com.codahale.metrics.CsvReporter.reportGauge(CsvReporter.java:234)
	at com.codahale.metrics.CsvReporter.report(CsvReporter.java:150)
	at com.codahale.metrics.ScheduledReporter.report(ScheduledReporter.java:162)
	at com.codahale.metrics.ScheduledReporter$1.run(ScheduledReporter.java:117)
	at java.util.concurrent.Executors$RunnableAdapter.call(Executors.java:511)
	at java.util.concurrent.FutureTask.runAndReset(FutureTask.java:308)
	at java.util.concurrent.ScheduledThreadPoolExecutor$ScheduledFutureTask.access$301(ScheduledThreadPoolExecutor.java:180)
	at java.util.concurrent.ScheduledThreadPoolExecutor$ScheduledFutureTask.run(ScheduledThreadPoolExecutor.java:294)
	at java.util.concurrent.ThreadPoolExecutor.runWorker(ThreadPoolExecutor.java:1149)
	at java.util.concurrent.ThreadPoolExecutor$Worker.run(ThreadPoolExecutor.java:624)
	at java.lang.Thread.run(Thread.java:748)
19/06/12 16:41:47 WARN CsvReporter: Error writing to jvm.pools.Metaspace.init
java.io.IOException: No such file or directory
	at java.io.UnixFileSystem.createFileExclusively(Native Method)
	at java.io.File.createNewFile(File.java:1012)
	at com.codahale.metrics.CsvReporter.report(CsvReporter.java:241)
	at com.codahale.metrics.CsvReporter.reportGauge(CsvReporter.java:234)
	at com.codahale.metrics.CsvReporter.report(CsvReporter.java:150)
	at com.codahale.metrics.ScheduledReporter.report(ScheduledReporter.java:162)
	at com.codahale.metrics.ScheduledReporter$1.run(ScheduledReporter.java:117)
	at java.util.concurrent.Executors$RunnableAdapter.call(Executors.java:511)
	at java.util.concurrent.FutureTask.runAndReset(FutureTask.java:308)
	at java.util.concurrent.ScheduledThreadPoolExecutor$ScheduledFutureTask.access$301(ScheduledThreadPoolExecutor.java:180)
	at java.util.concurrent.ScheduledThreadPoolExecutor$ScheduledFutureTask.run(ScheduledThreadPoolExecutor.java:294)
	at java.util.concurrent.ThreadPoolExecutor.runWorker(ThreadPoolExecutor.java:1149)
	at java.util.concurrent.ThreadPoolExecutor$Worker.run(ThreadPoolExecutor.java:624)
	at java.lang.Thread.run(Thread.java:748)
19/06/12 16:41:47 WARN CsvReporter: Error writing to jvm.pools.Metaspace.max
java.io.IOException: No such file or directory
	at java.io.UnixFileSystem.createFileExclusively(Native Method)
	at java.io.File.createNewFile(File.java:1012)
	at com.codahale.metrics.CsvReporter.report(CsvReporter.java:241)
	at com.codahale.metrics.CsvReporter.reportGauge(CsvReporter.java:234)
	at com.codahale.metrics.CsvReporter.report(CsvReporter.java:150)
	at com.codahale.metrics.ScheduledReporter.report(ScheduledReporter.java:162)
	at com.codahale.metrics.ScheduledReporter$1.run(ScheduledReporter.java:117)
	at java.util.concurrent.Executors$RunnableAdapter.call(Executors.java:511)
	at java.util.concurrent.FutureTask.runAndReset(FutureTask.java:308)
	at java.util.concurrent.ScheduledThreadPoolExecutor$ScheduledFutureTask.access$301(ScheduledThreadPoolExecutor.java:180)
	at java.util.concurrent.ScheduledThreadPoolExecutor$ScheduledFutureTask.run(ScheduledThreadPoolExecutor.java:294)
	at java.util.concurrent.ThreadPoolExecutor.runWorker(ThreadPoolExecutor.java:1149)
	at java.util.concurrent.ThreadPoolExecutor$Worker.run(ThreadPoolExecutor.java:624)
	at java.lang.Thread.run(Thread.java:748)
19/06/12 16:41:47 WARN CsvReporter: Error writing to jvm.pools.Metaspace.usage
java.io.IOException: No such file or directory
	at java.io.UnixFileSystem.createFileExclusively(Native Method)
	at java.io.File.createNewFile(File.java:1012)
	at com.codahale.metrics.CsvReporter.report(CsvReporter.java:241)
	at com.codahale.metrics.CsvReporter.reportGauge(CsvReporter.java:234)
	at com.codahale.metrics.CsvReporter.report(CsvReporter.java:150)
	at com.codahale.metrics.ScheduledReporter.report(ScheduledReporter.java:162)
	at com.codahale.metrics.ScheduledReporter$1.run(ScheduledReporter.java:117)
	at java.util.concurrent.Executors$RunnableAdapter.call(Executors.java:511)
	at java.util.concurrent.FutureTask.runAndReset(FutureTask.java:308)
	at java.util.concurrent.ScheduledThreadPoolExecutor$ScheduledFutureTask.access$301(ScheduledThreadPoolExecutor.java:180)
	at java.util.concurrent.ScheduledThreadPoolExecutor$ScheduledFutureTask.run(ScheduledThreadPoolExecutor.java:294)
	at java.util.concurrent.ThreadPoolExecutor.runWorker(ThreadPoolExecutor.java:1149)
	at java.util.concurrent.ThreadPoolExecutor$Worker.run(ThreadPoolExecutor.java:624)
	at java.lang.Thread.run(Thread.java:748)
19/06/12 16:41:47 WARN CsvReporter: Error writing to jvm.pools.Metaspace.used
java.io.IOException: No such file or directory
	at java.io.UnixFileSystem.createFileExclusively(Native Method)
	at java.io.File.createNewFile(File.java:1012)
	at com.codahale.metrics.CsvReporter.report(CsvReporter.java:241)
	at com.codahale.metrics.CsvReporter.reportGauge(CsvReporter.java:234)
	at com.codahale.metrics.CsvReporter.report(CsvReporter.java:150)
	at com.codahale.metrics.ScheduledReporter.report(ScheduledReporter.java:162)
	at com.codahale.metrics.ScheduledReporter$1.run(ScheduledReporter.java:117)
	at java.util.concurrent.Executors$RunnableAdapter.call(Executors.java:511)
	at java.util.concurrent.FutureTask.runAndReset(FutureTask.java:308)
	at java.util.concurrent.ScheduledThreadPoolExecutor$ScheduledFutureTask.access$301(ScheduledThreadPoolExecutor.java:180)
	at java.util.concurrent.ScheduledThreadPoolExecutor$ScheduledFutureTask.run(ScheduledThreadPoolExecutor.java:294)
	at java.util.concurrent.ThreadPoolExecutor.runWorker(ThreadPoolExecutor.java:1149)
	at java.util.concurrent.ThreadPoolExecutor$Worker.run(ThreadPoolExecutor.java:624)
	at java.lang.Thread.run(Thread.java:748)
19/06/12 16:41:47 WARN CsvReporter: Error writing to jvm.pools.PS-Eden-Space.committed
java.io.IOException: No such file or directory
	at java.io.UnixFileSystem.createFileExclusively(Native Method)
	at java.io.File.createNewFile(File.java:1012)
	at com.codahale.metrics.CsvReporter.report(CsvReporter.java:241)
	at com.codahale.metrics.CsvReporter.reportGauge(CsvReporter.java:234)
	at com.codahale.metrics.CsvReporter.report(CsvReporter.java:150)
	at com.codahale.metrics.ScheduledReporter.report(ScheduledReporter.java:162)
	at com.codahale.metrics.ScheduledReporter$1.run(ScheduledReporter.java:117)
	at java.util.concurrent.Executors$RunnableAdapter.call(Executors.java:511)
	at java.util.concurrent.FutureTask.runAndReset(FutureTask.java:308)
	at java.util.concurrent.ScheduledThreadPoolExecutor$ScheduledFutureTask.access$301(ScheduledThreadPoolExecutor.java:180)
	at java.util.concurrent.ScheduledThreadPoolExecutor$ScheduledFutureTask.run(ScheduledThreadPoolExecutor.java:294)
	at java.util.concurrent.ThreadPoolExecutor.runWorker(ThreadPoolExecutor.java:1149)
	at java.util.concurrent.ThreadPoolExecutor$Worker.run(ThreadPoolExecutor.java:624)
	at java.lang.Thread.run(Thread.java:748)
19/06/12 16:41:47 WARN CsvReporter: Error writing to jvm.pools.PS-Eden-Space.init
java.io.IOException: No such file or directory
	at java.io.UnixFileSystem.createFileExclusively(Native Method)
	at java.io.File.createNewFile(File.java:1012)
	at com.codahale.metrics.CsvReporter.report(CsvReporter.java:241)
	at com.codahale.metrics.CsvReporter.reportGauge(CsvReporter.java:234)
	at com.codahale.metrics.CsvReporter.report(CsvReporter.java:150)
	at com.codahale.metrics.ScheduledReporter.report(ScheduledReporter.java:162)
	at com.codahale.metrics.ScheduledReporter$1.run(ScheduledReporter.java:117)
	at java.util.concurrent.Executors$RunnableAdapter.call(Executors.java:511)
	at java.util.concurrent.FutureTask.runAndReset(FutureTask.java:308)
	at java.util.concurrent.ScheduledThreadPoolExecutor$ScheduledFutureTask.access$301(ScheduledThreadPoolExecutor.java:180)
	at java.util.concurrent.ScheduledThreadPoolExecutor$ScheduledFutureTask.run(ScheduledThreadPoolExecutor.java:294)
	at java.util.concurrent.ThreadPoolExecutor.runWorker(ThreadPoolExecutor.java:1149)
	at java.util.concurrent.ThreadPoolExecutor$Worker.run(ThreadPoolExecutor.java:624)
	at java.lang.Thread.run(Thread.java:748)
19/06/12 16:41:47 WARN CsvReporter: Error writing to jvm.pools.PS-Eden-Space.max
java.io.IOException: No such file or directory
	at java.io.UnixFileSystem.createFileExclusively(Native Method)
	at java.io.File.createNewFile(File.java:1012)
	at com.codahale.metrics.CsvReporter.report(CsvReporter.java:241)
	at com.codahale.metrics.CsvReporter.reportGauge(CsvReporter.java:234)
	at com.codahale.metrics.CsvReporter.report(CsvReporter.java:150)
	at com.codahale.metrics.ScheduledReporter.report(ScheduledReporter.java:162)
	at com.codahale.metrics.ScheduledReporter$1.run(ScheduledReporter.java:117)
	at java.util.concurrent.Executors$RunnableAdapter.call(Executors.java:511)
	at java.util.concurrent.FutureTask.runAndReset(FutureTask.java:308)
	at java.util.concurrent.ScheduledThreadPoolExecutor$ScheduledFutureTask.access$301(ScheduledThreadPoolExecutor.java:180)
	at java.util.concurrent.ScheduledThreadPoolExecutor$ScheduledFutureTask.run(ScheduledThreadPoolExecutor.java:294)
	at java.util.concurrent.ThreadPoolExecutor.runWorker(ThreadPoolExecutor.java:1149)
	at java.util.concurrent.ThreadPoolExecutor$Worker.run(ThreadPoolExecutor.java:624)
	at java.lang.Thread.run(Thread.java:748)
19/06/12 16:41:47 WARN CsvReporter: Error writing to jvm.pools.PS-Eden-Space.usage
java.io.IOException: No such file or directory
	at java.io.UnixFileSystem.createFileExclusively(Native Method)
	at java.io.File.createNewFile(File.java:1012)
	at com.codahale.metrics.CsvReporter.report(CsvReporter.java:241)
	at com.codahale.metrics.CsvReporter.reportGauge(CsvReporter.java:234)
	at com.codahale.metrics.CsvReporter.report(CsvReporter.java:150)
	at com.codahale.metrics.ScheduledReporter.report(ScheduledReporter.java:162)
	at com.codahale.metrics.ScheduledReporter$1.run(ScheduledReporter.java:117)
	at java.util.concurrent.Executors$RunnableAdapter.call(Executors.java:511)
	at java.util.concurrent.FutureTask.runAndReset(FutureTask.java:308)
	at java.util.concurrent.ScheduledThreadPoolExecutor$ScheduledFutureTask.access$301(ScheduledThreadPoolExecutor.java:180)
	at java.util.concurrent.ScheduledThreadPoolExecutor$ScheduledFutureTask.run(ScheduledThreadPoolExecutor.java:294)
	at java.util.concurrent.ThreadPoolExecutor.runWorker(ThreadPoolExecutor.java:1149)
	at java.util.concurrent.ThreadPoolExecutor$Worker.run(ThreadPoolExecutor.java:624)
	at java.lang.Thread.run(Thread.java:748)
19/06/12 16:41:47 WARN CsvReporter: Error writing to jvm.pools.PS-Eden-Space.used
java.io.IOException: No such file or directory
	at java.io.UnixFileSystem.createFileExclusively(Native Method)
	at java.io.File.createNewFile(File.java:1012)
	at com.codahale.metrics.CsvReporter.report(CsvReporter.java:241)
	at com.codahale.metrics.CsvReporter.reportGauge(CsvReporter.java:234)
	at com.codahale.metrics.CsvReporter.report(CsvReporter.java:150)
	at com.codahale.metrics.ScheduledReporter.report(ScheduledReporter.java:162)
	at com.codahale.metrics.ScheduledReporter$1.run(ScheduledReporter.java:117)
	at java.util.concurrent.Executors$RunnableAdapter.call(Executors.java:511)
	at java.util.concurrent.FutureTask.runAndReset(FutureTask.java:308)
	at java.util.concurrent.ScheduledThreadPoolExecutor$ScheduledFutureTask.access$301(ScheduledThreadPoolExecutor.java:180)
	at java.util.concurrent.ScheduledThreadPoolExecutor$ScheduledFutureTask.run(ScheduledThreadPoolExecutor.java:294)
	at java.util.concurrent.ThreadPoolExecutor.runWorker(ThreadPoolExecutor.java:1149)
	at java.util.concurrent.ThreadPoolExecutor$Worker.run(ThreadPoolExecutor.java:624)
	at java.lang.Thread.run(Thread.java:748)
19/06/12 16:41:47 WARN CsvReporter: Error writing to jvm.pools.PS-Old-Gen.committed
java.io.IOException: No such file or directory
	at java.io.UnixFileSystem.createFileExclusively(Native Method)
	at java.io.File.createNewFile(File.java:1012)
	at com.codahale.metrics.CsvReporter.report(CsvReporter.java:241)
	at com.codahale.metrics.CsvReporter.reportGauge(CsvReporter.java:234)
	at com.codahale.metrics.CsvReporter.report(CsvReporter.java:150)
	at com.codahale.metrics.ScheduledReporter.report(ScheduledReporter.java:162)
	at com.codahale.metrics.ScheduledReporter$1.run(ScheduledReporter.java:117)
	at java.util.concurrent.Executors$RunnableAdapter.call(Executors.java:511)
	at java.util.concurrent.FutureTask.runAndReset(FutureTask.java:308)
	at java.util.concurrent.ScheduledThreadPoolExecutor$ScheduledFutureTask.access$301(ScheduledThreadPoolExecutor.java:180)
	at java.util.concurrent.ScheduledThreadPoolExecutor$ScheduledFutureTask.run(ScheduledThreadPoolExecutor.java:294)
	at java.util.concurrent.ThreadPoolExecutor.runWorker(ThreadPoolExecutor.java:1149)
	at java.util.concurrent.ThreadPoolExecutor$Worker.run(ThreadPoolExecutor.java:624)
	at java.lang.Thread.run(Thread.java:748)
19/06/12 16:41:47 WARN CsvReporter: Error writing to jvm.pools.PS-Old-Gen.init
java.io.IOException: No such file or directory
	at java.io.UnixFileSystem.createFileExclusively(Native Method)
	at java.io.File.createNewFile(File.java:1012)
	at com.codahale.metrics.CsvReporter.report(CsvReporter.java:241)
	at com.codahale.metrics.CsvReporter.reportGauge(CsvReporter.java:234)
	at com.codahale.metrics.CsvReporter.report(CsvReporter.java:150)
	at com.codahale.metrics.ScheduledReporter.report(ScheduledReporter.java:162)
	at com.codahale.metrics.ScheduledReporter$1.run(ScheduledReporter.java:117)
	at java.util.concurrent.Executors$RunnableAdapter.call(Executors.java:511)
	at java.util.concurrent.FutureTask.runAndReset(FutureTask.java:308)
	at java.util.concurrent.ScheduledThreadPoolExecutor$ScheduledFutureTask.access$301(ScheduledThreadPoolExecutor.java:180)
	at java.util.concurrent.ScheduledThreadPoolExecutor$ScheduledFutureTask.run(ScheduledThreadPoolExecutor.java:294)
	at java.util.concurrent.ThreadPoolExecutor.runWorker(ThreadPoolExecutor.java:1149)
	at java.util.concurrent.ThreadPoolExecutor$Worker.run(ThreadPoolExecutor.java:624)
	at java.lang.Thread.run(Thread.java:748)
19/06/12 16:41:47 WARN CsvReporter: Error writing to jvm.pools.PS-Old-Gen.max
java.io.IOException: No such file or directory
	at java.io.UnixFileSystem.createFileExclusively(Native Method)
	at java.io.File.createNewFile(File.java:1012)
	at com.codahale.metrics.CsvReporter.report(CsvReporter.java:241)
	at com.codahale.metrics.CsvReporter.reportGauge(CsvReporter.java:234)
	at com.codahale.metrics.CsvReporter.report(CsvReporter.java:150)
	at com.codahale.metrics.ScheduledReporter.report(ScheduledReporter.java:162)
	at com.codahale.metrics.ScheduledReporter$1.run(ScheduledReporter.java:117)
	at java.util.concurrent.Executors$RunnableAdapter.call(Executors.java:511)
	at java.util.concurrent.FutureTask.runAndReset(FutureTask.java:308)
	at java.util.concurrent.ScheduledThreadPoolExecutor$ScheduledFutureTask.access$301(ScheduledThreadPoolExecutor.java:180)
	at java.util.concurrent.ScheduledThreadPoolExecutor$ScheduledFutureTask.run(ScheduledThreadPoolExecutor.java:294)
	at java.util.concurrent.ThreadPoolExecutor.runWorker(ThreadPoolExecutor.java:1149)
	at java.util.concurrent.ThreadPoolExecutor$Worker.run(ThreadPoolExecutor.java:624)
	at java.lang.Thread.run(Thread.java:748)
19/06/12 16:41:47 WARN CsvReporter: Error writing to jvm.pools.PS-Old-Gen.usage
java.io.IOException: No such file or directory
	at java.io.UnixFileSystem.createFileExclusively(Native Method)
	at java.io.File.createNewFile(File.java:1012)
	at com.codahale.metrics.CsvReporter.report(CsvReporter.java:241)
	at com.codahale.metrics.CsvReporter.reportGauge(CsvReporter.java:234)
	at com.codahale.metrics.CsvReporter.report(CsvReporter.java:150)
	at com.codahale.metrics.ScheduledReporter.report(ScheduledReporter.java:162)
	at com.codahale.metrics.ScheduledReporter$1.run(ScheduledReporter.java:117)
	at java.util.concurrent.Executors$RunnableAdapter.call(Executors.java:511)
	at java.util.concurrent.FutureTask.runAndReset(FutureTask.java:308)
	at java.util.concurrent.ScheduledThreadPoolExecutor$ScheduledFutureTask.access$301(ScheduledThreadPoolExecutor.java:180)
	at java.util.concurrent.ScheduledThreadPoolExecutor$ScheduledFutureTask.run(ScheduledThreadPoolExecutor.java:294)
	at java.util.concurrent.ThreadPoolExecutor.runWorker(ThreadPoolExecutor.java:1149)
	at java.util.concurrent.ThreadPoolExecutor$Worker.run(ThreadPoolExecutor.java:624)
	at java.lang.Thread.run(Thread.java:748)
19/06/12 16:41:47 WARN CsvReporter: Error writing to jvm.pools.PS-Old-Gen.used
java.io.IOException: No such file or directory
	at java.io.UnixFileSystem.createFileExclusively(Native Method)
	at java.io.File.createNewFile(File.java:1012)
	at com.codahale.metrics.CsvReporter.report(CsvReporter.java:241)
	at com.codahale.metrics.CsvReporter.reportGauge(CsvReporter.java:234)
	at com.codahale.metrics.CsvReporter.report(CsvReporter.java:150)
	at com.codahale.metrics.ScheduledReporter.report(ScheduledReporter.java:162)
	at com.codahale.metrics.ScheduledReporter$1.run(ScheduledReporter.java:117)
	at java.util.concurrent.Executors$RunnableAdapter.call(Executors.java:511)
	at java.util.concurrent.FutureTask.runAndReset(FutureTask.java:308)
	at java.util.concurrent.ScheduledThreadPoolExecutor$ScheduledFutureTask.access$301(ScheduledThreadPoolExecutor.java:180)
	at java.util.concurrent.ScheduledThreadPoolExecutor$ScheduledFutureTask.run(ScheduledThreadPoolExecutor.java:294)
	at java.util.concurrent.ThreadPoolExecutor.runWorker(ThreadPoolExecutor.java:1149)
	at java.util.concurrent.ThreadPoolExecutor$Worker.run(ThreadPoolExecutor.java:624)
	at java.lang.Thread.run(Thread.java:748)
19/06/12 16:41:47 WARN CsvReporter: Error writing to jvm.pools.PS-Survivor-Space.committed
java.io.IOException: No such file or directory
	at java.io.UnixFileSystem.createFileExclusively(Native Method)
	at java.io.File.createNewFile(File.java:1012)
	at com.codahale.metrics.CsvReporter.report(CsvReporter.java:241)
	at com.codahale.metrics.CsvReporter.reportGauge(CsvReporter.java:234)
	at com.codahale.metrics.CsvReporter.report(CsvReporter.java:150)
	at com.codahale.metrics.ScheduledReporter.report(ScheduledReporter.java:162)
	at com.codahale.metrics.ScheduledReporter$1.run(ScheduledReporter.java:117)
	at java.util.concurrent.Executors$RunnableAdapter.call(Executors.java:511)
	at java.util.concurrent.FutureTask.runAndReset(FutureTask.java:308)
	at java.util.concurrent.ScheduledThreadPoolExecutor$ScheduledFutureTask.access$301(ScheduledThreadPoolExecutor.java:180)
	at java.util.concurrent.ScheduledThreadPoolExecutor$ScheduledFutureTask.run(ScheduledThreadPoolExecutor.java:294)
	at java.util.concurrent.ThreadPoolExecutor.runWorker(ThreadPoolExecutor.java:1149)
	at java.util.concurrent.ThreadPoolExecutor$Worker.run(ThreadPoolExecutor.java:624)
	at java.lang.Thread.run(Thread.java:748)
19/06/12 16:41:47 WARN CsvReporter: Error writing to jvm.pools.PS-Survivor-Space.init
java.io.IOException: No such file or directory
	at java.io.UnixFileSystem.createFileExclusively(Native Method)
	at java.io.File.createNewFile(File.java:1012)
	at com.codahale.metrics.CsvReporter.report(CsvReporter.java:241)
	at com.codahale.metrics.CsvReporter.reportGauge(CsvReporter.java:234)
	at com.codahale.metrics.CsvReporter.report(CsvReporter.java:150)
	at com.codahale.metrics.ScheduledReporter.report(ScheduledReporter.java:162)
	at com.codahale.metrics.ScheduledReporter$1.run(ScheduledReporter.java:117)
	at java.util.concurrent.Executors$RunnableAdapter.call(Executors.java:511)
	at java.util.concurrent.FutureTask.runAndReset(FutureTask.java:308)
	at java.util.concurrent.ScheduledThreadPoolExecutor$ScheduledFutureTask.access$301(ScheduledThreadPoolExecutor.java:180)
	at java.util.concurrent.ScheduledThreadPoolExecutor$ScheduledFutureTask.run(ScheduledThreadPoolExecutor.java:294)
	at java.util.concurrent.ThreadPoolExecutor.runWorker(ThreadPoolExecutor.java:1149)
	at java.util.concurrent.ThreadPoolExecutor$Worker.run(ThreadPoolExecutor.java:624)
	at java.lang.Thread.run(Thread.java:748)
19/06/12 16:41:47 WARN CsvReporter: Error writing to jvm.pools.PS-Survivor-Space.max
java.io.IOException: No such file or directory
	at java.io.UnixFileSystem.createFileExclusively(Native Method)
	at java.io.File.createNewFile(File.java:1012)
	at com.codahale.metrics.CsvReporter.report(CsvReporter.java:241)
	at com.codahale.metrics.CsvReporter.reportGauge(CsvReporter.java:234)
	at com.codahale.metrics.CsvReporter.report(CsvReporter.java:150)
	at com.codahale.metrics.ScheduledReporter.report(ScheduledReporter.java:162)
	at com.codahale.metrics.ScheduledReporter$1.run(ScheduledReporter.java:117)
	at java.util.concurrent.Executors$RunnableAdapter.call(Executors.java:511)
	at java.util.concurrent.FutureTask.runAndReset(FutureTask.java:308)
	at java.util.concurrent.ScheduledThreadPoolExecutor$ScheduledFutureTask.access$301(ScheduledThreadPoolExecutor.java:180)
	at java.util.concurrent.ScheduledThreadPoolExecutor$ScheduledFutureTask.run(ScheduledThreadPoolExecutor.java:294)
	at java.util.concurrent.ThreadPoolExecutor.runWorker(ThreadPoolExecutor.java:1149)
	at java.util.concurrent.ThreadPoolExecutor$Worker.run(ThreadPoolExecutor.java:624)
	at java.lang.Thread.run(Thread.java:748)
19/06/12 16:41:47 WARN CsvReporter: Error writing to jvm.pools.PS-Survivor-Space.usage
java.io.IOException: No such file or directory
	at java.io.UnixFileSystem.createFileExclusively(Native Method)
	at java.io.File.createNewFile(File.java:1012)
	at com.codahale.metrics.CsvReporter.report(CsvReporter.java:241)
	at com.codahale.metrics.CsvReporter.reportGauge(CsvReporter.java:234)
	at com.codahale.metrics.CsvReporter.report(CsvReporter.java:150)
	at com.codahale.metrics.ScheduledReporter.report(ScheduledReporter.java:162)
	at com.codahale.metrics.ScheduledReporter$1.run(ScheduledReporter.java:117)
	at java.util.concurrent.Executors$RunnableAdapter.call(Executors.java:511)
	at java.util.concurrent.FutureTask.runAndReset(FutureTask.java:308)
	at java.util.concurrent.ScheduledThreadPoolExecutor$ScheduledFutureTask.access$301(ScheduledThreadPoolExecutor.java:180)
	at java.util.concurrent.ScheduledThreadPoolExecutor$ScheduledFutureTask.run(ScheduledThreadPoolExecutor.java:294)
	at java.util.concurrent.ThreadPoolExecutor.runWorker(ThreadPoolExecutor.java:1149)
	at java.util.concurrent.ThreadPoolExecutor$Worker.run(ThreadPoolExecutor.java:624)
	at java.lang.Thread.run(Thread.java:748)
19/06/12 16:41:47 WARN CsvReporter: Error writing to jvm.pools.PS-Survivor-Space.used
java.io.IOException: No such file or directory
	at java.io.UnixFileSystem.createFileExclusively(Native Method)
	at java.io.File.createNewFile(File.java:1012)
	at com.codahale.metrics.CsvReporter.report(CsvReporter.java:241)
	at com.codahale.metrics.CsvReporter.reportGauge(CsvReporter.java:234)
	at com.codahale.metrics.CsvReporter.report(CsvReporter.java:150)
	at com.codahale.metrics.ScheduledReporter.report(ScheduledReporter.java:162)
	at com.codahale.metrics.ScheduledReporter$1.run(ScheduledReporter.java:117)
	at java.util.concurrent.Executors$RunnableAdapter.call(Executors.java:511)
	at java.util.concurrent.FutureTask.runAndReset(FutureTask.java:308)
	at java.util.concurrent.ScheduledThreadPoolExecutor$ScheduledFutureTask.access$301(ScheduledThreadPoolExecutor.java:180)
	at java.util.concurrent.ScheduledThreadPoolExecutor$ScheduledFutureTask.run(ScheduledThreadPoolExecutor.java:294)
	at java.util.concurrent.ThreadPoolExecutor.runWorker(ThreadPoolExecutor.java:1149)
	at java.util.concurrent.ThreadPoolExecutor$Worker.run(ThreadPoolExecutor.java:624)
	at java.lang.Thread.run(Thread.java:748)
19/06/12 16:41:47 WARN CsvReporter: Error writing to jvm.total.committed
java.io.IOException: No such file or directory
	at java.io.UnixFileSystem.createFileExclusively(Native Method)
	at java.io.File.createNewFile(File.java:1012)
	at com.codahale.metrics.CsvReporter.report(CsvReporter.java:241)
	at com.codahale.metrics.CsvReporter.reportGauge(CsvReporter.java:234)
	at com.codahale.metrics.CsvReporter.report(CsvReporter.java:150)
	at com.codahale.metrics.ScheduledReporter.report(ScheduledReporter.java:162)
	at com.codahale.metrics.ScheduledReporter$1.run(ScheduledReporter.java:117)
	at java.util.concurrent.Executors$RunnableAdapter.call(Executors.java:511)
	at java.util.concurrent.FutureTask.runAndReset(FutureTask.java:308)
	at java.util.concurrent.ScheduledThreadPoolExecutor$ScheduledFutureTask.access$301(ScheduledThreadPoolExecutor.java:180)
	at java.util.concurrent.ScheduledThreadPoolExecutor$ScheduledFutureTask.run(ScheduledThreadPoolExecutor.java:294)
	at java.util.concurrent.ThreadPoolExecutor.runWorker(ThreadPoolExecutor.java:1149)
	at java.util.concurrent.ThreadPoolExecutor$Worker.run(ThreadPoolExecutor.java:624)
	at java.lang.Thread.run(Thread.java:748)
19/06/12 16:41:47 WARN CsvReporter: Error writing to jvm.total.init
java.io.IOException: No such file or directory
	at java.io.UnixFileSystem.createFileExclusively(Native Method)
	at java.io.File.createNewFile(File.java:1012)
	at com.codahale.metrics.CsvReporter.report(CsvReporter.java:241)
	at com.codahale.metrics.CsvReporter.reportGauge(CsvReporter.java:234)
	at com.codahale.metrics.CsvReporter.report(CsvReporter.java:150)
	at com.codahale.metrics.ScheduledReporter.report(ScheduledReporter.java:162)
	at com.codahale.metrics.ScheduledReporter$1.run(ScheduledReporter.java:117)
	at java.util.concurrent.Executors$RunnableAdapter.call(Executors.java:511)
	at java.util.concurrent.FutureTask.runAndReset(FutureTask.java:308)
	at java.util.concurrent.ScheduledThreadPoolExecutor$ScheduledFutureTask.access$301(ScheduledThreadPoolExecutor.java:180)
	at java.util.concurrent.ScheduledThreadPoolExecutor$ScheduledFutureTask.run(ScheduledThreadPoolExecutor.java:294)
	at java.util.concurrent.ThreadPoolExecutor.runWorker(ThreadPoolExecutor.java:1149)
	at java.util.concurrent.ThreadPoolExecutor$Worker.run(ThreadPoolExecutor.java:624)
	at java.lang.Thread.run(Thread.java:748)
19/06/12 16:41:47 WARN CsvReporter: Error writing to jvm.total.max
java.io.IOException: No such file or directory
	at java.io.UnixFileSystem.createFileExclusively(Native Method)
	at java.io.File.createNewFile(File.java:1012)
	at com.codahale.metrics.CsvReporter.report(CsvReporter.java:241)
	at com.codahale.metrics.CsvReporter.reportGauge(CsvReporter.java:234)
	at com.codahale.metrics.CsvReporter.report(CsvReporter.java:150)
	at com.codahale.metrics.ScheduledReporter.report(ScheduledReporter.java:162)
	at com.codahale.metrics.ScheduledReporter$1.run(ScheduledReporter.java:117)
	at java.util.concurrent.Executors$RunnableAdapter.call(Executors.java:511)
	at java.util.concurrent.FutureTask.runAndReset(FutureTask.java:308)
	at java.util.concurrent.ScheduledThreadPoolExecutor$ScheduledFutureTask.access$301(ScheduledThreadPoolExecutor.java:180)
	at java.util.concurrent.ScheduledThreadPoolExecutor$ScheduledFutureTask.run(ScheduledThreadPoolExecutor.java:294)
	at java.util.concurrent.ThreadPoolExecutor.runWorker(ThreadPoolExecutor.java:1149)
	at java.util.concurrent.ThreadPoolExecutor$Worker.run(ThreadPoolExecutor.java:624)
	at java.lang.Thread.run(Thread.java:748)
19/06/12 16:41:47 WARN CsvReporter: Error writing to jvm.total.used
java.io.IOException: No such file or directory
	at java.io.UnixFileSystem.createFileExclusively(Native Method)
	at java.io.File.createNewFile(File.java:1012)
	at com.codahale.metrics.CsvReporter.report(CsvReporter.java:241)
	at com.codahale.metrics.CsvReporter.reportGauge(CsvReporter.java:234)
	at com.codahale.metrics.CsvReporter.report(CsvReporter.java:150)
	at com.codahale.metrics.ScheduledReporter.report(ScheduledReporter.java:162)
	at com.codahale.metrics.ScheduledReporter$1.run(ScheduledReporter.java:117)
	at java.util.concurrent.Executors$RunnableAdapter.call(Executors.java:511)
	at java.util.concurrent.FutureTask.runAndReset(FutureTask.java:308)
	at java.util.concurrent.ScheduledThreadPoolExecutor$ScheduledFutureTask.access$301(ScheduledThreadPoolExecutor.java:180)
	at java.util.concurrent.ScheduledThreadPoolExecutor$ScheduledFutureTask.run(ScheduledThreadPoolExecutor.java:294)
	at java.util.concurrent.ThreadPoolExecutor.runWorker(ThreadPoolExecutor.java:1149)
	at java.util.concurrent.ThreadPoolExecutor$Worker.run(ThreadPoolExecutor.java:624)
	at java.lang.Thread.run(Thread.java:748)
19/06/12 16:41:47 WARN CsvReporter: Error writing to worker.coresFree
java.io.IOException: No such file or directory
	at java.io.UnixFileSystem.createFileExclusively(Native Method)
	at java.io.File.createNewFile(File.java:1012)
	at com.codahale.metrics.CsvReporter.report(CsvReporter.java:241)
	at com.codahale.metrics.CsvReporter.reportGauge(CsvReporter.java:234)
	at com.codahale.metrics.CsvReporter.report(CsvReporter.java:150)
	at com.codahale.metrics.ScheduledReporter.report(ScheduledReporter.java:162)
	at com.codahale.metrics.ScheduledReporter$1.run(ScheduledReporter.java:117)
	at java.util.concurrent.Executors$RunnableAdapter.call(Executors.java:511)
	at java.util.concurrent.FutureTask.runAndReset(FutureTask.java:308)
	at java.util.concurrent.ScheduledThreadPoolExecutor$ScheduledFutureTask.access$301(ScheduledThreadPoolExecutor.java:180)
	at java.util.concurrent.ScheduledThreadPoolExecutor$ScheduledFutureTask.run(ScheduledThreadPoolExecutor.java:294)
	at java.util.concurrent.ThreadPoolExecutor.runWorker(ThreadPoolExecutor.java:1149)
	at java.util.concurrent.ThreadPoolExecutor$Worker.run(ThreadPoolExecutor.java:624)
	at java.lang.Thread.run(Thread.java:748)
19/06/12 16:41:47 WARN CsvReporter: Error writing to worker.coresUsed
java.io.IOException: No such file or directory
	at java.io.UnixFileSystem.createFileExclusively(Native Method)
	at java.io.File.createNewFile(File.java:1012)
	at com.codahale.metrics.CsvReporter.report(CsvReporter.java:241)
	at com.codahale.metrics.CsvReporter.reportGauge(CsvReporter.java:234)
	at com.codahale.metrics.CsvReporter.report(CsvReporter.java:150)
	at com.codahale.metrics.ScheduledReporter.report(ScheduledReporter.java:162)
	at com.codahale.metrics.ScheduledReporter$1.run(ScheduledReporter.java:117)
	at java.util.concurrent.Executors$RunnableAdapter.call(Executors.java:511)
	at java.util.concurrent.FutureTask.runAndReset(FutureTask.java:308)
	at java.util.concurrent.ScheduledThreadPoolExecutor$ScheduledFutureTask.access$301(ScheduledThreadPoolExecutor.java:180)
	at java.util.concurrent.ScheduledThreadPoolExecutor$ScheduledFutureTask.run(ScheduledThreadPoolExecutor.java:294)
	at java.util.concurrent.ThreadPoolExecutor.runWorker(ThreadPoolExecutor.java:1149)
	at java.util.concurrent.ThreadPoolExecutor$Worker.run(ThreadPoolExecutor.java:624)
	at java.lang.Thread.run(Thread.java:748)
19/06/12 16:41:47 WARN CsvReporter: Error writing to worker.executors
java.io.IOException: No such file or directory
	at java.io.UnixFileSystem.createFileExclusively(Native Method)
	at java.io.File.createNewFile(File.java:1012)
	at com.codahale.metrics.CsvReporter.report(CsvReporter.java:241)
	at com.codahale.metrics.CsvReporter.reportGauge(CsvReporter.java:234)
	at com.codahale.metrics.CsvReporter.report(CsvReporter.java:150)
	at com.codahale.metrics.ScheduledReporter.report(ScheduledReporter.java:162)
	at com.codahale.metrics.ScheduledReporter$1.run(ScheduledReporter.java:117)
	at java.util.concurrent.Executors$RunnableAdapter.call(Executors.java:511)
	at java.util.concurrent.FutureTask.runAndReset(FutureTask.java:308)
	at java.util.concurrent.ScheduledThreadPoolExecutor$ScheduledFutureTask.access$301(ScheduledThreadPoolExecutor.java:180)
	at java.util.concurrent.ScheduledThreadPoolExecutor$ScheduledFutureTask.run(ScheduledThreadPoolExecutor.java:294)
	at java.util.concurrent.ThreadPoolExecutor.runWorker(ThreadPoolExecutor.java:1149)
	at java.util.concurrent.ThreadPoolExecutor$Worker.run(ThreadPoolExecutor.java:624)
	at java.lang.Thread.run(Thread.java:748)
19/06/12 16:41:47 WARN CsvReporter: Error writing to worker.memFree_MB
java.io.IOException: No such file or directory
	at java.io.UnixFileSystem.createFileExclusively(Native Method)
	at java.io.File.createNewFile(File.java:1012)
	at com.codahale.metrics.CsvReporter.report(CsvReporter.java:241)
	at com.codahale.metrics.CsvReporter.reportGauge(CsvReporter.java:234)
	at com.codahale.metrics.CsvReporter.report(CsvReporter.java:150)
	at com.codahale.metrics.ScheduledReporter.report(ScheduledReporter.java:162)
	at com.codahale.metrics.ScheduledReporter$1.run(ScheduledReporter.java:117)
	at java.util.concurrent.Executors$RunnableAdapter.call(Executors.java:511)
	at java.util.concurrent.FutureTask.runAndReset(FutureTask.java:308)
	at java.util.concurrent.ScheduledThreadPoolExecutor$ScheduledFutureTask.access$301(ScheduledThreadPoolExecutor.java:180)
	at java.util.concurrent.ScheduledThreadPoolExecutor$ScheduledFutureTask.run(ScheduledThreadPoolExecutor.java:294)
	at java.util.concurrent.ThreadPoolExecutor.runWorker(ThreadPoolExecutor.java:1149)
	at java.util.concurrent.ThreadPoolExecutor$Worker.run(ThreadPoolExecutor.java:624)
	at java.lang.Thread.run(Thread.java:748)
19/06/12 16:41:47 WARN CsvReporter: Error writing to worker.memUsed_MB
java.io.IOException: No such file or directory
	at java.io.UnixFileSystem.createFileExclusively(Native Method)
	at java.io.File.createNewFile(File.java:1012)
	at com.codahale.metrics.CsvReporter.report(CsvReporter.java:241)
	at com.codahale.metrics.CsvReporter.reportGauge(CsvReporter.java:234)
	at com.codahale.metrics.CsvReporter.report(CsvReporter.java:150)
	at com.codahale.metrics.ScheduledReporter.report(ScheduledReporter.java:162)
	at com.codahale.metrics.ScheduledReporter$1.run(ScheduledReporter.java:117)
	at java.util.concurrent.Executors$RunnableAdapter.call(Executors.java:511)
	at java.util.concurrent.FutureTask.runAndReset(FutureTask.java:308)
	at java.util.concurrent.ScheduledThreadPoolExecutor$ScheduledFutureTask.access$301(ScheduledThreadPoolExecutor.java:180)
	at java.util.concurrent.ScheduledThreadPoolExecutor$ScheduledFutureTask.run(ScheduledThreadPoolExecutor.java:294)
	at java.util.concurrent.ThreadPoolExecutor.runWorker(ThreadPoolExecutor.java:1149)
	at java.util.concurrent.ThreadPoolExecutor$Worker.run(ThreadPoolExecutor.java:624)
	at java.lang.Thread.run(Thread.java:748)
19/06/12 16:41:47 WARN CsvReporter: Error writing to HiveExternalCatalog.fileCacheHits
java.io.IOException: No such file or directory
	at java.io.UnixFileSystem.createFileExclusively(Native Method)
	at java.io.File.createNewFile(File.java:1012)
	at com.codahale.metrics.CsvReporter.report(CsvReporter.java:241)
	at com.codahale.metrics.CsvReporter.reportCounter(CsvReporter.java:230)
	at com.codahale.metrics.CsvReporter.report(CsvReporter.java:154)
	at com.codahale.metrics.ScheduledReporter.report(ScheduledReporter.java:162)
	at com.codahale.metrics.ScheduledReporter$1.run(ScheduledReporter.java:117)
	at java.util.concurrent.Executors$RunnableAdapter.call(Executors.java:511)
	at java.util.concurrent.FutureTask.runAndReset(FutureTask.java:308)
	at java.util.concurrent.ScheduledThreadPoolExecutor$ScheduledFutureTask.access$301(ScheduledThreadPoolExecutor.java:180)
	at java.util.concurrent.ScheduledThreadPoolExecutor$ScheduledFutureTask.run(ScheduledThreadPoolExecutor.java:294)
	at java.util.concurrent.ThreadPoolExecutor.runWorker(ThreadPoolExecutor.java:1149)
	at java.util.concurrent.ThreadPoolExecutor$Worker.run(ThreadPoolExecutor.java:624)
	at java.lang.Thread.run(Thread.java:748)
19/06/12 16:41:47 WARN CsvReporter: Error writing to HiveExternalCatalog.filesDiscovered
java.io.IOException: No such file or directory
	at java.io.UnixFileSystem.createFileExclusively(Native Method)
	at java.io.File.createNewFile(File.java:1012)
	at com.codahale.metrics.CsvReporter.report(CsvReporter.java:241)
	at com.codahale.metrics.CsvReporter.reportCounter(CsvReporter.java:230)
	at com.codahale.metrics.CsvReporter.report(CsvReporter.java:154)
	at com.codahale.metrics.ScheduledReporter.report(ScheduledReporter.java:162)
	at com.codahale.metrics.ScheduledReporter$1.run(ScheduledReporter.java:117)
	at java.util.concurrent.Executors$RunnableAdapter.call(Executors.java:511)
	at java.util.concurrent.FutureTask.runAndReset(FutureTask.java:308)
	at java.util.concurrent.ScheduledThreadPoolExecutor$ScheduledFutureTask.access$301(ScheduledThreadPoolExecutor.java:180)
	at java.util.concurrent.ScheduledThreadPoolExecutor$ScheduledFutureTask.run(ScheduledThreadPoolExecutor.java:294)
	at java.util.concurrent.ThreadPoolExecutor.runWorker(ThreadPoolExecutor.java:1149)
	at java.util.concurrent.ThreadPoolExecutor$Worker.run(ThreadPoolExecutor.java:624)
	at java.lang.Thread.run(Thread.java:748)
19/06/12 16:41:47 WARN CsvReporter: Error writing to HiveExternalCatalog.hiveClientCalls
java.io.IOException: No such file or directory
	at java.io.UnixFileSystem.createFileExclusively(Native Method)
	at java.io.File.createNewFile(File.java:1012)
	at com.codahale.metrics.CsvReporter.report(CsvReporter.java:241)
	at com.codahale.metrics.CsvReporter.reportCounter(CsvReporter.java:230)
	at com.codahale.metrics.CsvReporter.report(CsvReporter.java:154)
	at com.codahale.metrics.ScheduledReporter.report(ScheduledReporter.java:162)
	at com.codahale.metrics.ScheduledReporter$1.run(ScheduledReporter.java:117)
	at java.util.concurrent.Executors$RunnableAdapter.call(Executors.java:511)
	at java.util.concurrent.FutureTask.runAndReset(FutureTask.java:308)
	at java.util.concurrent.ScheduledThreadPoolExecutor$ScheduledFutureTask.access$301(ScheduledThreadPoolExecutor.java:180)
	at java.util.concurrent.ScheduledThreadPoolExecutor$ScheduledFutureTask.run(ScheduledThreadPoolExecutor.java:294)
	at java.util.concurrent.ThreadPoolExecutor.runWorker(ThreadPoolExecutor.java:1149)
	at java.util.concurrent.ThreadPoolExecutor$Worker.run(ThreadPoolExecutor.java:624)
	at java.lang.Thread.run(Thread.java:748)
19/06/12 16:41:47 WARN CsvReporter: Error writing to HiveExternalCatalog.parallelListingJobCount
java.io.IOException: No such file or directory
	at java.io.UnixFileSystem.createFileExclusively(Native Method)
	at java.io.File.createNewFile(File.java:1012)
	at com.codahale.metrics.CsvReporter.report(CsvReporter.java:241)
	at com.codahale.metrics.CsvReporter.reportCounter(CsvReporter.java:230)
	at com.codahale.metrics.CsvReporter.report(CsvReporter.java:154)
	at com.codahale.metrics.ScheduledReporter.report(ScheduledReporter.java:162)
	at com.codahale.metrics.ScheduledReporter$1.run(ScheduledReporter.java:117)
	at java.util.concurrent.Executors$RunnableAdapter.call(Executors.java:511)
	at java.util.concurrent.FutureTask.runAndReset(FutureTask.java:308)
	at java.util.concurrent.ScheduledThreadPoolExecutor$ScheduledFutureTask.access$301(ScheduledThreadPoolExecutor.java:180)
	at java.util.concurrent.ScheduledThreadPoolExecutor$ScheduledFutureTask.run(ScheduledThreadPoolExecutor.java:294)
	at java.util.concurrent.ThreadPoolExecutor.runWorker(ThreadPoolExecutor.java:1149)
	at java.util.concurrent.ThreadPoolExecutor$Worker.run(ThreadPoolExecutor.java:624)
	at java.lang.Thread.run(Thread.java:748)
19/06/12 16:41:47 WARN CsvReporter: Error writing to HiveExternalCatalog.partitionsFetched
java.io.IOException: No such file or directory
	at java.io.UnixFileSystem.createFileExclusively(Native Method)
	at java.io.File.createNewFile(File.java:1012)
	at com.codahale.metrics.CsvReporter.report(CsvReporter.java:241)
	at com.codahale.metrics.CsvReporter.reportCounter(CsvReporter.java:230)
	at com.codahale.metrics.CsvReporter.report(CsvReporter.java:154)
	at com.codahale.metrics.ScheduledReporter.report(ScheduledReporter.java:162)
	at com.codahale.metrics.ScheduledReporter$1.run(ScheduledReporter.java:117)
	at java.util.concurrent.Executors$RunnableAdapter.call(Executors.java:511)
	at java.util.concurrent.FutureTask.runAndReset(FutureTask.java:308)
	at java.util.concurrent.ScheduledThreadPoolExecutor$ScheduledFutureTask.access$301(ScheduledThreadPoolExecutor.java:180)
	at java.util.concurrent.ScheduledThreadPoolExecutor$ScheduledFutureTask.run(ScheduledThreadPoolExecutor.java:294)
	at java.util.concurrent.ThreadPoolExecutor.runWorker(ThreadPoolExecutor.java:1149)
	at java.util.concurrent.ThreadPoolExecutor$Worker.run(ThreadPoolExecutor.java:624)
	at java.lang.Thread.run(Thread.java:748)
19/06/12 16:41:47 WARN CsvReporter: Error writing to CodeGenerator.compilationTime
java.io.IOException: No such file or directory
	at java.io.UnixFileSystem.createFileExclusively(Native Method)
	at java.io.File.createNewFile(File.java:1012)
	at com.codahale.metrics.CsvReporter.report(CsvReporter.java:241)
	at com.codahale.metrics.CsvReporter.reportHistogram(CsvReporter.java:212)
	at com.codahale.metrics.CsvReporter.report(CsvReporter.java:158)
	at com.codahale.metrics.ScheduledReporter.report(ScheduledReporter.java:162)
	at com.codahale.metrics.ScheduledReporter$1.run(ScheduledReporter.java:117)
	at java.util.concurrent.Executors$RunnableAdapter.call(Executors.java:511)
	at java.util.concurrent.FutureTask.runAndReset(FutureTask.java:308)
	at java.util.concurrent.ScheduledThreadPoolExecutor$ScheduledFutureTask.access$301(ScheduledThreadPoolExecutor.java:180)
	at java.util.concurrent.ScheduledThreadPoolExecutor$ScheduledFutureTask.run(ScheduledThreadPoolExecutor.java:294)
	at java.util.concurrent.ThreadPoolExecutor.runWorker(ThreadPoolExecutor.java:1149)
	at java.util.concurrent.ThreadPoolExecutor$Worker.run(ThreadPoolExecutor.java:624)
	at java.lang.Thread.run(Thread.java:748)
19/06/12 16:41:47 WARN CsvReporter: Error writing to CodeGenerator.generatedClassSize
java.io.IOException: No such file or directory
	at java.io.UnixFileSystem.createFileExclusively(Native Method)
	at java.io.File.createNewFile(File.java:1012)
	at com.codahale.metrics.CsvReporter.report(CsvReporter.java:241)
	at com.codahale.metrics.CsvReporter.reportHistogram(CsvReporter.java:212)
	at com.codahale.metrics.CsvReporter.report(CsvReporter.java:158)
	at com.codahale.metrics.ScheduledReporter.report(ScheduledReporter.java:162)
	at com.codahale.metrics.ScheduledReporter$1.run(ScheduledReporter.java:117)
	at java.util.concurrent.Executors$RunnableAdapter.call(Executors.java:511)
	at java.util.concurrent.FutureTask.runAndReset(FutureTask.java:308)
	at java.util.concurrent.ScheduledThreadPoolExecutor$ScheduledFutureTask.access$301(ScheduledThreadPoolExecutor.java:180)
	at java.util.concurrent.ScheduledThreadPoolExecutor$ScheduledFutureTask.run(ScheduledThreadPoolExecutor.java:294)
	at java.util.concurrent.ThreadPoolExecutor.runWorker(ThreadPoolExecutor.java:1149)
	at java.util.concurrent.ThreadPoolExecutor$Worker.run(ThreadPoolExecutor.java:624)
	at java.lang.Thread.run(Thread.java:748)
19/06/12 16:41:47 WARN CsvReporter: Error writing to CodeGenerator.generatedMethodSize
java.io.IOException: No such file or directory
	at java.io.UnixFileSystem.createFileExclusively(Native Method)
	at java.io.File.createNewFile(File.java:1012)
	at com.codahale.metrics.CsvReporter.report(CsvReporter.java:241)
	at com.codahale.metrics.CsvReporter.reportHistogram(CsvReporter.java:212)
	at com.codahale.metrics.CsvReporter.report(CsvReporter.java:158)
	at com.codahale.metrics.ScheduledReporter.report(ScheduledReporter.java:162)
	at com.codahale.metrics.ScheduledReporter$1.run(ScheduledReporter.java:117)
	at java.util.concurrent.Executors$RunnableAdapter.call(Executors.java:511)
	at java.util.concurrent.FutureTask.runAndReset(FutureTask.java:308)
	at java.util.concurrent.ScheduledThreadPoolExecutor$ScheduledFutureTask.access$301(ScheduledThreadPoolExecutor.java:180)
	at java.util.concurrent.ScheduledThreadPoolExecutor$ScheduledFutureTask.run(ScheduledThreadPoolExecutor.java:294)
	at java.util.concurrent.ThreadPoolExecutor.runWorker(ThreadPoolExecutor.java:1149)
	at java.util.concurrent.ThreadPoolExecutor$Worker.run(ThreadPoolExecutor.java:624)
	at java.lang.Thread.run(Thread.java:748)
19/06/12 16:41:47 WARN CsvReporter: Error writing to CodeGenerator.sourceCodeSize
java.io.IOException: No such file or directory
	at java.io.UnixFileSystem.createFileExclusively(Native Method)
	at java.io.File.createNewFile(File.java:1012)
	at com.codahale.metrics.CsvReporter.report(CsvReporter.java:241)
	at com.codahale.metrics.CsvReporter.reportHistogram(CsvReporter.java:212)
	at com.codahale.metrics.CsvReporter.report(CsvReporter.java:158)
	at com.codahale.metrics.ScheduledReporter.report(ScheduledReporter.java:162)
	at com.codahale.metrics.ScheduledReporter$1.run(ScheduledReporter.java:117)
	at java.util.concurrent.Executors$RunnableAdapter.call(Executors.java:511)
	at java.util.concurrent.FutureTask.runAndReset(FutureTask.java:308)
	at java.util.concurrent.ScheduledThreadPoolExecutor$ScheduledFutureTask.access$301(ScheduledThreadPoolExecutor.java:180)
	at java.util.concurrent.ScheduledThreadPoolExecutor$ScheduledFutureTask.run(ScheduledThreadPoolExecutor.java:294)
	at java.util.concurrent.ThreadPoolExecutor.runWorker(ThreadPoolExecutor.java:1149)
	at java.util.concurrent.ThreadPoolExecutor$Worker.run(ThreadPoolExecutor.java:624)
	at java.lang.Thread.run(Thread.java:748)
19/06/12 16:41:48 INFO Worker: Asked to kill executor app-20190612164140-0000/8
19/06/12 16:41:48 INFO ExecutorRunner: Runner thread for executor app-20190612164140-0000/8 interrupted
19/06/12 16:41:48 INFO Worker: Asked to kill executor app-20190612164140-0000/11
19/06/12 16:41:48 INFO ExecutorRunner: Runner thread for executor app-20190612164140-0000/11 interrupted
19/06/12 16:41:48 INFO Worker: Asked to kill executor app-20190612164140-0000/7
19/06/12 16:41:48 INFO ExecutorRunner: Killing process!
19/06/12 16:41:48 INFO ExecutorRunner: Killing process!
19/06/12 16:41:48 INFO ExecutorRunner: Runner thread for executor app-20190612164140-0000/7 interrupted
19/06/12 16:41:48 INFO ExecutorRunner: Killing process!
19/06/12 16:41:48 INFO Worker: Asked to kill executor app-20190612164140-0000/10
19/06/12 16:41:48 INFO ExecutorRunner: Runner thread for executor app-20190612164140-0000/10 interrupted
19/06/12 16:41:48 INFO ExecutorRunner: Killing process!
19/06/12 16:41:48 INFO Worker: Asked to kill executor app-20190612164140-0000/9
19/06/12 16:41:48 INFO ExecutorRunner: Runner thread for executor app-20190612164140-0000/9 interrupted
19/06/12 16:41:48 INFO ExecutorRunner: Killing process!
19/06/12 16:41:48 INFO Worker: Asked to kill executor app-20190612164140-0000/6
19/06/12 16:41:48 INFO ExecutorRunner: Runner thread for executor app-20190612164140-0000/6 interrupted
19/06/12 16:41:48 INFO ExecutorRunner: Killing process!
19/06/12 16:41:48 INFO Worker: Executor app-20190612164140-0000/11 finished with state KILLED exitStatus 143
19/06/12 16:41:48 INFO Worker: Executor app-20190612164140-0000/7 finished with state KILLED exitStatus 143
19/06/12 16:41:48 INFO Worker: Executor app-20190612164140-0000/6 finished with state KILLED exitStatus 143
19/06/12 16:41:48 INFO Worker: Executor app-20190612164140-0000/9 finished with state KILLED exitStatus 143
19/06/12 16:41:48 INFO Worker: Executor app-20190612164140-0000/8 finished with state KILLED exitStatus 143
19/06/12 16:41:48 INFO Worker: Executor app-20190612164140-0000/10 finished with state KILLED exitStatus 143
19/06/12 16:41:48 INFO ExternalShuffleBlockResolver: Application app-20190612164140-0000 removed, cleanupLocalDirs = true
19/06/12 16:41:48 INFO Worker: Cleaning up local directories for application app-20190612164140-0000
19/06/12 16:41:49 ERROR Worker: RECEIVED SIGNAL TERM
19/06/12 16:41:49 INFO ShutdownHookManager: Shutdown hook called
19/06/12 16:41:49 INFO ShutdownHookManager: Deleting directory /tmp/spark-70b13155-424a-44c1-9197-c62c0d2d2406
